#
# A fatal error has been detected by the Java Runtime Environment:
#
#  SIGSEGV (0xb) at pc=0x00007fee39479e31, pid=21096, tid=21119
#
# JRE version: OpenJDK Runtime Environment (14.0.2+12) (build 14.0.2+12-Ubuntu-120.04)
# Java VM: OpenJDK 64-Bit Server VM (14.0.2+12-Ubuntu-120.04, mixed mode, sharing, tiered, compressed oops, g1 gc, linux-amd64)
# Problematic frame:
# V  [libjvm.so+0x5a0e31]
#
# Core dump will be written. Default location: Core dumps may be processed with "/usr/share/apport/apport %p %s %c %d %P %E" (or dumping to /home/asanme/git/repository/myFIrstMethod/core.21096)
#
# If you would like to submit a bug report, please visit:
#   Unknown
#

---------------  S U M M A R Y ------------

Command Line: -XX:+ShowCodeDetailsInExceptionMessages -agentlib:jdwp=transport=dt_socket,suspend=y,address=localhost:41831 -javaagent:/home/asanme/eclipse/java-2020-12/eclipse/configuration/org.eclipse.osgi/215/0/.cp/lib/javaagent-shaded.jar -Dfile.encoding=UTF-8 myFirstMethod.EndevinaBugs

Host: Intel(R) Core(TM) i7-5500U CPU @ 2.40GHz, 4 cores, 15G, Ubuntu 20.04.2 LTS
Time: Sat Feb 20 15:53:04 2021 WET elapsed time: 253 seconds (0d 0h 4m 13s)

---------------  T H R E A D  ---------------

Current thread (0x00007fee34292000):  JavaThread "JDWP Transport Listener: dt_socket" daemon [_thread_in_vm, id=21119, stack(0x00007fedfa70e000,0x00007fedfa80f000)] _threads_hazard_ptr=0x00007fedc8002530

Stack: [0x00007fedfa70e000,0x00007fedfa80f000],  sp=0x00007fedfa80d268,  free space=1020k
Native frames: (J=compiled Java code, A=aot compiled Java code, j=interpreted, Vv=VM code, C=native code)
V  [libjvm.so+0x5a0e31]
V  [libjvm.so+0x727af3]
V  [libjvm.so+0x729584]
V  [libjvm.so+0x729853]
V  [libjvm.so+0xb797c4]
V  [libjvm.so+0xb7a49b]
V  [libjvm.so+0xb7a9ab]
V  [libjvm.so+0xb1da4e]
V  [libjvm.so+0xe51796]
V  [libjvm.so+0x9aea58]
V  [libjvm.so+0x9aeb84]
V  [libjvm.so+0xe68d36]
V  [libjvm.so+0x98e2d5]
V  [libjvm.so+0x940401]
C  [libjdwp.so+0x95c7]
C  [libjdwp.so+0x12568]
C  [libjdwp.so+0x24f17]
V  [libjvm.so+0x9ad0fb]
V  [libjvm.so+0xdee84e]
V  [libjvm.so+0xdf37df]
V  [libjvm.so+0xb904ff]


siginfo: si_signo: 11 (SIGSEGV), si_code: 2 (SEGV_ACCERR), si_addr: 0x00007fedfbdacd90

Register to memory mapping:

RAX=0x00007fedfbdacd90 is an unknown value
RBX=0x0000000000000001 is an unknown value
RCX=0x000000000000b204 is an unknown value
RDX=0x0 is NULL
RSP=0x00007fedfa80d268 is pointing into the stack for thread: 0x00007fee34292000
RBP=0x00007fedfa80d2c0 is pointing into the stack for thread: 0x00007fee34292000
RSI=0x0000000000164080 is an unknown value
RDI=0x00007fedfbc48450 is pointing into metadata
R8 =0x0000000000000177 is an unknown value
R9 =0x0 is NULL
R10=0x0 is NULL
R11=0x0000000000000015 is an unknown value
R12=0x00007fedfa80d530 is pointing into the stack for thread: 0x00007fee34292000
R13=0x0000000000000001 is an unknown value
R14=0x0000000000000177 is an unknown value
R15=0x00007fedfbc48450 is pointing into metadata


Registers:
RAX=0x00007fedfbdacd90, RBX=0x0000000000000001, RCX=0x000000000000b204, RDX=0x0000000000000000
RSP=0x00007fedfa80d268, RBP=0x00007fedfa80d2c0, RSI=0x0000000000164080, RDI=0x00007fedfbc48450
R8 =0x0000000000000177, R9 =0x0000000000000000, R10=0x0000000000000000, R11=0x0000000000000015
R12=0x00007fedfa80d530, R13=0x0000000000000001, R14=0x0000000000000177, R15=0x00007fedfbc48450
RIP=0x00007fee39479e31, EFLAGS=0x0000000000010202, CSGSFS=0x002b000000000033, ERR=0x0000000000000004
  TRAPNO=0x000000000000000e

Top of Stack: (sp=0x00007fedfa80d268)
0x00007fedfa80d268:   00007fee395fc5f8 00007fedfbc48c48
0x00007fedfa80d278:   00007fee34292000 00007fedfbc48b5f
0x00007fedfa80d288:   00007fee000000e6 00007fedfa80d310
0x00007fedfa80d298:   000000000000017f 00007fedfa80d530 

Instructions: (pc=0x00007fee39479e31)
0x00007fee39479d31:   48 8b 00 0f b7 c0 48 8d 44 c7 40 eb 13 66 90 48
0x00007fee39479d41:   8b 47 08 48 63 f6 0f b6 54 30 04 48 8d 44 f7 40
0x00007fee39479d51:   8b 00 c1 e8 10 0f b7 44 c7 40 48 8b 44 c7 40 c3
0x00007fee39479d61:   0f 1f 80 00 00 00 00 f7 d6 48 63 f6 48 c1 e6 05
0x00007fee39479d71:   48 8d 44 30 28 48 8b 00 0f b7 c0 0f b7 44 c7 42
0x00007fee39479d81:   eb d3 90 66 66 2e 0f 1f 84 00 00 00 00 00 90 f3
0x00007fee39479d91:   0f 1e fa 84 d2 75 28 48 8b 47 10 48 85 c0 74 1f
0x00007fee39479da1:   85 f6 78 43 48 63 f6 48 c1 e6 05 48 8d 44 30 28
0x00007fee39479db1:   48 8b 00 0f b7 c0 48 8d 44 c7 40 eb 13 66 90 48
0x00007fee39479dc1:   8b 47 08 48 63 f6 0f b6 54 30 04 48 8d 44 f7 40
0x00007fee39479dd1:   8b 00 c1 e8 10 0f b7 44 c7 42 48 8b 44 c7 40 c3
0x00007fee39479de1:   0f 1f 80 00 00 00 00 f7 d6 48 63 f6 48 c1 e6 05
0x00007fee39479df1:   48 8d 44 30 28 48 8b 00 0f b7 c0 0f b7 44 c7 42
0x00007fee39479e01:   eb d3 90 66 66 2e 0f 1f 84 00 00 00 00 00 90 f3
0x00007fee39479e11:   0f 1e fa 84 d2 75 30 48 8b 47 10 48 85 c0 74 27
0x00007fee39479e21:   85 f6 78 3b 48 63 f6 48 c1 e6 05 48 8d 44 30 28
0x00007fee39479e31:   48 8b 00 0f b7 c0 48 8d 44 c7 40 8b 00 c1 e8 10
0x00007fee39479e41:   c3 66 0f 1f 44 00 00 48 8b 47 08 48 63 f6 0f b6
0x00007fee39479e51:   54 30 04 48 8d 44 f7 40 8b 00 c1 e8 10 c3 90 f7
0x00007fee39479e61:   d6 48 63 f6 48 c1 e6 05 48 8d 44 30 28 48 8b 00
0x00007fee39479e71:   0f b7 c0 0f b7 44 c7 42 c3 66 0f 1f 44 00 00 f3
0x00007fee39479e81:   0f 1e fa 84 d2 75 21 48 8b 47 10 48 85 c0 74 18
0x00007fee39479e91:   85 f6 79 02 f7 d6 48 63 f6 48 c1 e6 05 48 8d 44
0x00007fee39479ea1:   30 28 48 8b 30 0f b7 f6 48 8b 47 08 48 63 f6 0f
0x00007fee39479eb1:   b6 44 30 04 c3 66 2e 0f 1f 84 00 00 00 00 00 f3
0x00007fee39479ec1:   0f 1e fa 55 48 89 e5 41 55 41 89 d5 41 54 49 89
0x00007fee39479ed1:   fc 53 48 63 de 48 83 ec 08 85 db 78 32 45 84 ed
0x00007fee39479ee1:   75 19 49 8b 44 24 10 48 85 c0 74 0f 48 c1 e3 05
0x00007fee39479ef1:   48 8d 44 18 28 48 8b 18 0f b7 db 41 0f b7 44 dc
0x00007fee39479f01:   40 48 83 c4 08 5b 41 5c 41 5d 5d c3 0f 1f 00 48
0x00007fee39479f11:   8d 05 b9 99 c3 00 48 8d 0d 3a 4c 96 00 48 8d 15
0x00007fee39479f21:   6b 4c 96 00 be 98 02 00 00 48 8d 3d 9f 4c 96 00 


Stack slot to memory mapping:
stack at sp + 0 slots: 0x00007fee395fc5f8: <offset 0x00000000007235f8> in /usr/lib/jvm/java-14-openjdk-amd64/lib/server/libjvm.so at 0x00007fee38ed9000
stack at sp + 1 slots: {method} {0x00007fedfbc48c48} 'main' '([Ljava/lang/String;)V' in 'myFirstMethod/EndevinaBugs'
stack at sp + 2 slots: 0x00007fee34292000 is a thread
stack at sp + 3 slots: 0x00007fedfbc48b5f is pointing into metadata
stack at sp + 4 slots: 0x00007fee000000e6 points into unknown readable memory: 00 00
stack at sp + 5 slots: 0x00007fedfa80d310 is pointing into the stack for thread: 0x00007fee34292000
stack at sp + 6 slots: 0x000000000000017f is an unknown value
stack at sp + 7 slots: 0x00007fedfa80d530 is pointing into the stack for thread: 0x00007fee34292000


---------------  P R O C E S S  ---------------

Threads class SMR info:
_java_thread_list=0x00007fedc8002530, length=13, elements={
0x00007fee34019800, 0x00007fee34218800, 0x00007fee3421a800, 0x00007fee34221800,
0x00007fee34223800, 0x00007fee34225800, 0x00007fee34227800, 0x00007fee34229800,
0x00007fee34247800, 0x00007fee34292000, 0x00007fee34296000, 0x00007fedcc001000,
0x00007fee3433c800
}

Java Threads: ( => current thread )
  0x00007fee34019800 JavaThread "main" [_thread_blocked, id=21101, stack(0x00007fee38a8d000,0x00007fee38b8e000)]
  0x00007fee34218800 JavaThread "Reference Handler" daemon [_thread_blocked, id=21110, stack(0x00007fedfb6ff000,0x00007fedfb800000)]
  0x00007fee3421a800 JavaThread "Finalizer" daemon [_thread_blocked, id=21111, stack(0x00007fedfb5fe000,0x00007fedfb6ff000)]
  0x00007fee34221800 JavaThread "Signal Dispatcher" daemon [_thread_blocked, id=21112, stack(0x00007fedfad14000,0x00007fedfae15000)]
  0x00007fee34223800 JavaThread "Service Thread" daemon [_thread_blocked, id=21113, stack(0x00007fedfac13000,0x00007fedfad14000)]
  0x00007fee34225800 JavaThread "C2 CompilerThread0" daemon [_thread_blocked, id=21114, stack(0x00007fedfab12000,0x00007fedfac13000)]
  0x00007fee34227800 JavaThread "C1 CompilerThread0" daemon [_thread_blocked, id=21115, stack(0x00007fedfaa11000,0x00007fedfab12000)]
  0x00007fee34229800 JavaThread "Sweeper thread" daemon [_thread_blocked, id=21116, stack(0x00007fedfa910000,0x00007fedfaa11000)]
  0x00007fee34247800 JavaThread "Common-Cleaner" daemon [_thread_blocked, id=21117, stack(0x00007fedfa80f000,0x00007fedfa910000)]
=>0x00007fee34292000 JavaThread "JDWP Transport Listener: dt_socket" daemon [_thread_in_vm, id=21119, stack(0x00007fedfa70e000,0x00007fedfa80f000)]
  0x00007fee34296000 JavaThread "JDWP Event Helper Thread" daemon [_thread_blocked, id=21122, stack(0x00007fedfa60d000,0x00007fedfa70e000)]
  0x00007fedcc001000 JavaThread "JDWP Command Reader" daemon [_thread_in_native, id=21123, stack(0x00007fedfa50c000,0x00007fedfa60d000)]
  0x00007fee3433c800 JavaThread "Notification Thread" daemon [_thread_blocked, id=21127, stack(0x00007fedfa30a000,0x00007fedfa40b000)]

Other Threads:
  0x00007fee34215800 VMThread "VM Thread" [stack: 0x00007fee100e0000,0x00007fee101e0000] [id=21109]
  0x00007fee3433e000 WatcherThread [stack: 0x00007fedfa20a000,0x00007fedfa30a000] [id=21128]
  0x00007fee3407c800 GCTaskThread "GC Thread#0" [stack: 0x00007fee3827f000,0x00007fee3837f000] [id=21104]
  0x00007fee3409d800 ConcurrentGCThread "G1 Main Marker" [stack: 0x00007fee3817d000,0x00007fee3827d000] [id=21105]
  0x00007fee3409f800 ConcurrentGCThread "G1 Conc#0" [stack: 0x00007fee3807b000,0x00007fee3817b000] [id=21106]
  0x00007fee3418a800 ConcurrentGCThread "G1 Refine#0" [stack: 0x00007fee103c0000,0x00007fee104c0000] [id=21107]
  0x00007fee3418c000 ConcurrentGCThread "G1 Young RemSet Sampling" [stack: 0x00007fee102be000,0x00007fee103be000] [id=21108]

Threads with active compile tasks:

VM state:not at safepoint (normal execution)

VM Mutex/Monitor currently owned by a thread: None

Heap address: 0x0000000707200000, size: 3982 MB, Compressed Oops mode: Zero based, Oop shift amount: 3
Narrow klass base: 0x0000000800000000, Narrow klass shift: 3
Compressed class space size: 1073741824 Address: 0x0000000800b18000

Heap:
 garbage-first heap   total 258048K, used 5956K [0x0000000707200000, 0x0000000800000000)
  region size 1024K, 6 young (6144K), 0 survivors (0K)
 Metaspace       used 2959K, capacity 4914K, committed 5120K, reserved 1056768K
  class space    used 286K, capacity 466K, committed 512K, reserved 1048576K
Heap Regions: E=young(eden), S=young(survivor), O=old, HS=humongous(starts), HC=humongous(continues), CS=collection set, F=free, OA=open archive, CA=closed archive, TAMS=top-at-mark-start (previous, next)
|   0|0x0000000707200000, 0x0000000707200000, 0x0000000707300000|  0%| F|  |TAMS 0x0000000707200000, 0x0000000707200000| Untracked 
|   1|0x0000000707300000, 0x0000000707300000, 0x0000000707400000|  0%| F|  |TAMS 0x0000000707300000, 0x0000000707300000| Untracked 
|   2|0x0000000707400000, 0x0000000707400000, 0x0000000707500000|  0%| F|  |TAMS 0x0000000707400000, 0x0000000707400000| Untracked 
|   3|0x0000000707500000, 0x0000000707500000, 0x0000000707600000|  0%| F|  |TAMS 0x0000000707500000, 0x0000000707500000| Untracked 
|   4|0x0000000707600000, 0x0000000707600000, 0x0000000707700000|  0%| F|  |TAMS 0x0000000707600000, 0x0000000707600000| Untracked 
|   5|0x0000000707700000, 0x0000000707700000, 0x0000000707800000|  0%| F|  |TAMS 0x0000000707700000, 0x0000000707700000| Untracked 
|   6|0x0000000707800000, 0x0000000707800000, 0x0000000707900000|  0%| F|  |TAMS 0x0000000707800000, 0x0000000707800000| Untracked 
|   7|0x0000000707900000, 0x0000000707900000, 0x0000000707a00000|  0%| F|  |TAMS 0x0000000707900000, 0x0000000707900000| Untracked 
|   8|0x0000000707a00000, 0x0000000707a00000, 0x0000000707b00000|  0%| F|  |TAMS 0x0000000707a00000, 0x0000000707a00000| Untracked 
|   9|0x0000000707b00000, 0x0000000707b00000, 0x0000000707c00000|  0%| F|  |TAMS 0x0000000707b00000, 0x0000000707b00000| Untracked 
|  10|0x0000000707c00000, 0x0000000707c00000, 0x0000000707d00000|  0%| F|  |TAMS 0x0000000707c00000, 0x0000000707c00000| Untracked 
|  11|0x0000000707d00000, 0x0000000707d00000, 0x0000000707e00000|  0%| F|  |TAMS 0x0000000707d00000, 0x0000000707d00000| Untracked 
|  12|0x0000000707e00000, 0x0000000707e00000, 0x0000000707f00000|  0%| F|  |TAMS 0x0000000707e00000, 0x0000000707e00000| Untracked 
|  13|0x0000000707f00000, 0x0000000707f00000, 0x0000000708000000|  0%| F|  |TAMS 0x0000000707f00000, 0x0000000707f00000| Untracked 
|  14|0x0000000708000000, 0x0000000708000000, 0x0000000708100000|  0%| F|  |TAMS 0x0000000708000000, 0x0000000708000000| Untracked 
|  15|0x0000000708100000, 0x0000000708100000, 0x0000000708200000|  0%| F|  |TAMS 0x0000000708100000, 0x0000000708100000| Untracked 
|  16|0x0000000708200000, 0x0000000708200000, 0x0000000708300000|  0%| F|  |TAMS 0x0000000708200000, 0x0000000708200000| Untracked 
|  17|0x0000000708300000, 0x0000000708300000, 0x0000000708400000|  0%| F|  |TAMS 0x0000000708300000, 0x0000000708300000| Untracked 
|  18|0x0000000708400000, 0x0000000708400000, 0x0000000708500000|  0%| F|  |TAMS 0x0000000708400000, 0x0000000708400000| Untracked 
|  19|0x0000000708500000, 0x0000000708500000, 0x0000000708600000|  0%| F|  |TAMS 0x0000000708500000, 0x0000000708500000| Untracked 
|  20|0x0000000708600000, 0x0000000708600000, 0x0000000708700000|  0%| F|  |TAMS 0x0000000708600000, 0x0000000708600000| Untracked 
|  21|0x0000000708700000, 0x0000000708700000, 0x0000000708800000|  0%| F|  |TAMS 0x0000000708700000, 0x0000000708700000| Untracked 
|  22|0x0000000708800000, 0x0000000708800000, 0x0000000708900000|  0%| F|  |TAMS 0x0000000708800000, 0x0000000708800000| Untracked 
|  23|0x0000000708900000, 0x0000000708900000, 0x0000000708a00000|  0%| F|  |TAMS 0x0000000708900000, 0x0000000708900000| Untracked 
|  24|0x0000000708a00000, 0x0000000708a00000, 0x0000000708b00000|  0%| F|  |TAMS 0x0000000708a00000, 0x0000000708a00000| Untracked 
|  25|0x0000000708b00000, 0x0000000708b00000, 0x0000000708c00000|  0%| F|  |TAMS 0x0000000708b00000, 0x0000000708b00000| Untracked 
|  26|0x0000000708c00000, 0x0000000708c00000, 0x0000000708d00000|  0%| F|  |TAMS 0x0000000708c00000, 0x0000000708c00000| Untracked 
|  27|0x0000000708d00000, 0x0000000708d00000, 0x0000000708e00000|  0%| F|  |TAMS 0x0000000708d00000, 0x0000000708d00000| Untracked 
|  28|0x0000000708e00000, 0x0000000708e00000, 0x0000000708f00000|  0%| F|  |TAMS 0x0000000708e00000, 0x0000000708e00000| Untracked 
|  29|0x0000000708f00000, 0x0000000708f00000, 0x0000000709000000|  0%| F|  |TAMS 0x0000000708f00000, 0x0000000708f00000| Untracked 
|  30|0x0000000709000000, 0x0000000709000000, 0x0000000709100000|  0%| F|  |TAMS 0x0000000709000000, 0x0000000709000000| Untracked 
|  31|0x0000000709100000, 0x0000000709100000, 0x0000000709200000|  0%| F|  |TAMS 0x0000000709100000, 0x0000000709100000| Untracked 
|  32|0x0000000709200000, 0x0000000709200000, 0x0000000709300000|  0%| F|  |TAMS 0x0000000709200000, 0x0000000709200000| Untracked 
|  33|0x0000000709300000, 0x0000000709300000, 0x0000000709400000|  0%| F|  |TAMS 0x0000000709300000, 0x0000000709300000| Untracked 
|  34|0x0000000709400000, 0x0000000709400000, 0x0000000709500000|  0%| F|  |TAMS 0x0000000709400000, 0x0000000709400000| Untracked 
|  35|0x0000000709500000, 0x0000000709500000, 0x0000000709600000|  0%| F|  |TAMS 0x0000000709500000, 0x0000000709500000| Untracked 
|  36|0x0000000709600000, 0x0000000709600000, 0x0000000709700000|  0%| F|  |TAMS 0x0000000709600000, 0x0000000709600000| Untracked 
|  37|0x0000000709700000, 0x0000000709700000, 0x0000000709800000|  0%| F|  |TAMS 0x0000000709700000, 0x0000000709700000| Untracked 
|  38|0x0000000709800000, 0x0000000709800000, 0x0000000709900000|  0%| F|  |TAMS 0x0000000709800000, 0x0000000709800000| Untracked 
|  39|0x0000000709900000, 0x0000000709900000, 0x0000000709a00000|  0%| F|  |TAMS 0x0000000709900000, 0x0000000709900000| Untracked 
|  40|0x0000000709a00000, 0x0000000709a00000, 0x0000000709b00000|  0%| F|  |TAMS 0x0000000709a00000, 0x0000000709a00000| Untracked 
|  41|0x0000000709b00000, 0x0000000709b00000, 0x0000000709c00000|  0%| F|  |TAMS 0x0000000709b00000, 0x0000000709b00000| Untracked 
|  42|0x0000000709c00000, 0x0000000709c00000, 0x0000000709d00000|  0%| F|  |TAMS 0x0000000709c00000, 0x0000000709c00000| Untracked 
|  43|0x0000000709d00000, 0x0000000709d00000, 0x0000000709e00000|  0%| F|  |TAMS 0x0000000709d00000, 0x0000000709d00000| Untracked 
|  44|0x0000000709e00000, 0x0000000709e00000, 0x0000000709f00000|  0%| F|  |TAMS 0x0000000709e00000, 0x0000000709e00000| Untracked 
|  45|0x0000000709f00000, 0x0000000709f00000, 0x000000070a000000|  0%| F|  |TAMS 0x0000000709f00000, 0x0000000709f00000| Untracked 
|  46|0x000000070a000000, 0x000000070a000000, 0x000000070a100000|  0%| F|  |TAMS 0x000000070a000000, 0x000000070a000000| Untracked 
|  47|0x000000070a100000, 0x000000070a100000, 0x000000070a200000|  0%| F|  |TAMS 0x000000070a100000, 0x000000070a100000| Untracked 
|  48|0x000000070a200000, 0x000000070a200000, 0x000000070a300000|  0%| F|  |TAMS 0x000000070a200000, 0x000000070a200000| Untracked 
|  49|0x000000070a300000, 0x000000070a300000, 0x000000070a400000|  0%| F|  |TAMS 0x000000070a300000, 0x000000070a300000| Untracked 
|  50|0x000000070a400000, 0x000000070a400000, 0x000000070a500000|  0%| F|  |TAMS 0x000000070a400000, 0x000000070a400000| Untracked 
|  51|0x000000070a500000, 0x000000070a500000, 0x000000070a600000|  0%| F|  |TAMS 0x000000070a500000, 0x000000070a500000| Untracked 
|  52|0x000000070a600000, 0x000000070a600000, 0x000000070a700000|  0%| F|  |TAMS 0x000000070a600000, 0x000000070a600000| Untracked 
|  53|0x000000070a700000, 0x000000070a700000, 0x000000070a800000|  0%| F|  |TAMS 0x000000070a700000, 0x000000070a700000| Untracked 
|  54|0x000000070a800000, 0x000000070a800000, 0x000000070a900000|  0%| F|  |TAMS 0x000000070a800000, 0x000000070a800000| Untracked 
|  55|0x000000070a900000, 0x000000070a900000, 0x000000070aa00000|  0%| F|  |TAMS 0x000000070a900000, 0x000000070a900000| Untracked 
|  56|0x000000070aa00000, 0x000000070aa00000, 0x000000070ab00000|  0%| F|  |TAMS 0x000000070aa00000, 0x000000070aa00000| Untracked 
|  57|0x000000070ab00000, 0x000000070ab00000, 0x000000070ac00000|  0%| F|  |TAMS 0x000000070ab00000, 0x000000070ab00000| Untracked 
|  58|0x000000070ac00000, 0x000000070ac00000, 0x000000070ad00000|  0%| F|  |TAMS 0x000000070ac00000, 0x000000070ac00000| Untracked 
|  59|0x000000070ad00000, 0x000000070ad00000, 0x000000070ae00000|  0%| F|  |TAMS 0x000000070ad00000, 0x000000070ad00000| Untracked 
|  60|0x000000070ae00000, 0x000000070ae00000, 0x000000070af00000|  0%| F|  |TAMS 0x000000070ae00000, 0x000000070ae00000| Untracked 
|  61|0x000000070af00000, 0x000000070af00000, 0x000000070b000000|  0%| F|  |TAMS 0x000000070af00000, 0x000000070af00000| Untracked 
|  62|0x000000070b000000, 0x000000070b000000, 0x000000070b100000|  0%| F|  |TAMS 0x000000070b000000, 0x000000070b000000| Untracked 
|  63|0x000000070b100000, 0x000000070b100000, 0x000000070b200000|  0%| F|  |TAMS 0x000000070b100000, 0x000000070b100000| Untracked 
|  64|0x000000070b200000, 0x000000070b200000, 0x000000070b300000|  0%| F|  |TAMS 0x000000070b200000, 0x000000070b200000| Untracked 
|  65|0x000000070b300000, 0x000000070b300000, 0x000000070b400000|  0%| F|  |TAMS 0x000000070b300000, 0x000000070b300000| Untracked 
|  66|0x000000070b400000, 0x000000070b400000, 0x000000070b500000|  0%| F|  |TAMS 0x000000070b400000, 0x000000070b400000| Untracked 
|  67|0x000000070b500000, 0x000000070b500000, 0x000000070b600000|  0%| F|  |TAMS 0x000000070b500000, 0x000000070b500000| Untracked 
|  68|0x000000070b600000, 0x000000070b600000, 0x000000070b700000|  0%| F|  |TAMS 0x000000070b600000, 0x000000070b600000| Untracked 
|  69|0x000000070b700000, 0x000000070b700000, 0x000000070b800000|  0%| F|  |TAMS 0x000000070b700000, 0x000000070b700000| Untracked 
|  70|0x000000070b800000, 0x000000070b800000, 0x000000070b900000|  0%| F|  |TAMS 0x000000070b800000, 0x000000070b800000| Untracked 
|  71|0x000000070b900000, 0x000000070b900000, 0x000000070ba00000|  0%| F|  |TAMS 0x000000070b900000, 0x000000070b900000| Untracked 
|  72|0x000000070ba00000, 0x000000070ba00000, 0x000000070bb00000|  0%| F|  |TAMS 0x000000070ba00000, 0x000000070ba00000| Untracked 
|  73|0x000000070bb00000, 0x000000070bb00000, 0x000000070bc00000|  0%| F|  |TAMS 0x000000070bb00000, 0x000000070bb00000| Untracked 
|  74|0x000000070bc00000, 0x000000070bc00000, 0x000000070bd00000|  0%| F|  |TAMS 0x000000070bc00000, 0x000000070bc00000| Untracked 
|  75|0x000000070bd00000, 0x000000070bd00000, 0x000000070be00000|  0%| F|  |TAMS 0x000000070bd00000, 0x000000070bd00000| Untracked 
|  76|0x000000070be00000, 0x000000070be00000, 0x000000070bf00000|  0%| F|  |TAMS 0x000000070be00000, 0x000000070be00000| Untracked 
|  77|0x000000070bf00000, 0x000000070bf00000, 0x000000070c000000|  0%| F|  |TAMS 0x000000070bf00000, 0x000000070bf00000| Untracked 
|  78|0x000000070c000000, 0x000000070c000000, 0x000000070c100000|  0%| F|  |TAMS 0x000000070c000000, 0x000000070c000000| Untracked 
|  79|0x000000070c100000, 0x000000070c100000, 0x000000070c200000|  0%| F|  |TAMS 0x000000070c100000, 0x000000070c100000| Untracked 
|  80|0x000000070c200000, 0x000000070c200000, 0x000000070c300000|  0%| F|  |TAMS 0x000000070c200000, 0x000000070c200000| Untracked 
|  81|0x000000070c300000, 0x000000070c300000, 0x000000070c400000|  0%| F|  |TAMS 0x000000070c300000, 0x000000070c300000| Untracked 
|  82|0x000000070c400000, 0x000000070c400000, 0x000000070c500000|  0%| F|  |TAMS 0x000000070c400000, 0x000000070c400000| Untracked 
|  83|0x000000070c500000, 0x000000070c500000, 0x000000070c600000|  0%| F|  |TAMS 0x000000070c500000, 0x000000070c500000| Untracked 
|  84|0x000000070c600000, 0x000000070c600000, 0x000000070c700000|  0%| F|  |TAMS 0x000000070c600000, 0x000000070c600000| Untracked 
|  85|0x000000070c700000, 0x000000070c700000, 0x000000070c800000|  0%| F|  |TAMS 0x000000070c700000, 0x000000070c700000| Untracked 
|  86|0x000000070c800000, 0x000000070c800000, 0x000000070c900000|  0%| F|  |TAMS 0x000000070c800000, 0x000000070c800000| Untracked 
|  87|0x000000070c900000, 0x000000070c900000, 0x000000070ca00000|  0%| F|  |TAMS 0x000000070c900000, 0x000000070c900000| Untracked 
|  88|0x000000070ca00000, 0x000000070ca00000, 0x000000070cb00000|  0%| F|  |TAMS 0x000000070ca00000, 0x000000070ca00000| Untracked 
|  89|0x000000070cb00000, 0x000000070cb00000, 0x000000070cc00000|  0%| F|  |TAMS 0x000000070cb00000, 0x000000070cb00000| Untracked 
|  90|0x000000070cc00000, 0x000000070cc00000, 0x000000070cd00000|  0%| F|  |TAMS 0x000000070cc00000, 0x000000070cc00000| Untracked 
|  91|0x000000070cd00000, 0x000000070cd00000, 0x000000070ce00000|  0%| F|  |TAMS 0x000000070cd00000, 0x000000070cd00000| Untracked 
|  92|0x000000070ce00000, 0x000000070ce00000, 0x000000070cf00000|  0%| F|  |TAMS 0x000000070ce00000, 0x000000070ce00000| Untracked 
|  93|0x000000070cf00000, 0x000000070cf00000, 0x000000070d000000|  0%| F|  |TAMS 0x000000070cf00000, 0x000000070cf00000| Untracked 
|  94|0x000000070d000000, 0x000000070d000000, 0x000000070d100000|  0%| F|  |TAMS 0x000000070d000000, 0x000000070d000000| Untracked 
|  95|0x000000070d100000, 0x000000070d100000, 0x000000070d200000|  0%| F|  |TAMS 0x000000070d100000, 0x000000070d100000| Untracked 
|  96|0x000000070d200000, 0x000000070d200000, 0x000000070d300000|  0%| F|  |TAMS 0x000000070d200000, 0x000000070d200000| Untracked 
|  97|0x000000070d300000, 0x000000070d300000, 0x000000070d400000|  0%| F|  |TAMS 0x000000070d300000, 0x000000070d300000| Untracked 
|  98|0x000000070d400000, 0x000000070d400000, 0x000000070d500000|  0%| F|  |TAMS 0x000000070d400000, 0x000000070d400000| Untracked 
|  99|0x000000070d500000, 0x000000070d500000, 0x000000070d600000|  0%| F|  |TAMS 0x000000070d500000, 0x000000070d500000| Untracked 
| 100|0x000000070d600000, 0x000000070d600000, 0x000000070d700000|  0%| F|  |TAMS 0x000000070d600000, 0x000000070d600000| Untracked 
| 101|0x000000070d700000, 0x000000070d700000, 0x000000070d800000|  0%| F|  |TAMS 0x000000070d700000, 0x000000070d700000| Untracked 
| 102|0x000000070d800000, 0x000000070d800000, 0x000000070d900000|  0%| F|  |TAMS 0x000000070d800000, 0x000000070d800000| Untracked 
| 103|0x000000070d900000, 0x000000070d900000, 0x000000070da00000|  0%| F|  |TAMS 0x000000070d900000, 0x000000070d900000| Untracked 
| 104|0x000000070da00000, 0x000000070da00000, 0x000000070db00000|  0%| F|  |TAMS 0x000000070da00000, 0x000000070da00000| Untracked 
| 105|0x000000070db00000, 0x000000070db00000, 0x000000070dc00000|  0%| F|  |TAMS 0x000000070db00000, 0x000000070db00000| Untracked 
| 106|0x000000070dc00000, 0x000000070dc00000, 0x000000070dd00000|  0%| F|  |TAMS 0x000000070dc00000, 0x000000070dc00000| Untracked 
| 107|0x000000070dd00000, 0x000000070dd00000, 0x000000070de00000|  0%| F|  |TAMS 0x000000070dd00000, 0x000000070dd00000| Untracked 
| 108|0x000000070de00000, 0x000000070de00000, 0x000000070df00000|  0%| F|  |TAMS 0x000000070de00000, 0x000000070de00000| Untracked 
| 109|0x000000070df00000, 0x000000070df00000, 0x000000070e000000|  0%| F|  |TAMS 0x000000070df00000, 0x000000070df00000| Untracked 
| 110|0x000000070e000000, 0x000000070e000000, 0x000000070e100000|  0%| F|  |TAMS 0x000000070e000000, 0x000000070e000000| Untracked 
| 111|0x000000070e100000, 0x000000070e100000, 0x000000070e200000|  0%| F|  |TAMS 0x000000070e100000, 0x000000070e100000| Untracked 
| 112|0x000000070e200000, 0x000000070e200000, 0x000000070e300000|  0%| F|  |TAMS 0x000000070e200000, 0x000000070e200000| Untracked 
| 113|0x000000070e300000, 0x000000070e300000, 0x000000070e400000|  0%| F|  |TAMS 0x000000070e300000, 0x000000070e300000| Untracked 
| 114|0x000000070e400000, 0x000000070e400000, 0x000000070e500000|  0%| F|  |TAMS 0x000000070e400000, 0x000000070e400000| Untracked 
| 115|0x000000070e500000, 0x000000070e500000, 0x000000070e600000|  0%| F|  |TAMS 0x000000070e500000, 0x000000070e500000| Untracked 
| 116|0x000000070e600000, 0x000000070e600000, 0x000000070e700000|  0%| F|  |TAMS 0x000000070e600000, 0x000000070e600000| Untracked 
| 117|0x000000070e700000, 0x000000070e700000, 0x000000070e800000|  0%| F|  |TAMS 0x000000070e700000, 0x000000070e700000| Untracked 
| 118|0x000000070e800000, 0x000000070e800000, 0x000000070e900000|  0%| F|  |TAMS 0x000000070e800000, 0x000000070e800000| Untracked 
| 119|0x000000070e900000, 0x000000070e900000, 0x000000070ea00000|  0%| F|  |TAMS 0x000000070e900000, 0x000000070e900000| Untracked 
| 120|0x000000070ea00000, 0x000000070ea00000, 0x000000070eb00000|  0%| F|  |TAMS 0x000000070ea00000, 0x000000070ea00000| Untracked 
| 121|0x000000070eb00000, 0x000000070eb00000, 0x000000070ec00000|  0%| F|  |TAMS 0x000000070eb00000, 0x000000070eb00000| Untracked 
| 122|0x000000070ec00000, 0x000000070ec00000, 0x000000070ed00000|  0%| F|  |TAMS 0x000000070ec00000, 0x000000070ec00000| Untracked 
| 123|0x000000070ed00000, 0x000000070ed00000, 0x000000070ee00000|  0%| F|  |TAMS 0x000000070ed00000, 0x000000070ed00000| Untracked 
| 124|0x000000070ee00000, 0x000000070ee00000, 0x000000070ef00000|  0%| F|  |TAMS 0x000000070ee00000, 0x000000070ee00000| Untracked 
| 125|0x000000070ef00000, 0x000000070ef00000, 0x000000070f000000|  0%| F|  |TAMS 0x000000070ef00000, 0x000000070ef00000| Untracked 
| 126|0x000000070f000000, 0x000000070f000000, 0x000000070f100000|  0%| F|  |TAMS 0x000000070f000000, 0x000000070f000000| Untracked 
| 127|0x000000070f100000, 0x000000070f100000, 0x000000070f200000|  0%| F|  |TAMS 0x000000070f100000, 0x000000070f100000| Untracked 
| 128|0x000000070f200000, 0x000000070f200000, 0x000000070f300000|  0%| F|  |TAMS 0x000000070f200000, 0x000000070f200000| Untracked 
| 129|0x000000070f300000, 0x000000070f300000, 0x000000070f400000|  0%| F|  |TAMS 0x000000070f300000, 0x000000070f300000| Untracked 
| 130|0x000000070f400000, 0x000000070f400000, 0x000000070f500000|  0%| F|  |TAMS 0x000000070f400000, 0x000000070f400000| Untracked 
| 131|0x000000070f500000, 0x000000070f500000, 0x000000070f600000|  0%| F|  |TAMS 0x000000070f500000, 0x000000070f500000| Untracked 
| 132|0x000000070f600000, 0x000000070f600000, 0x000000070f700000|  0%| F|  |TAMS 0x000000070f600000, 0x000000070f600000| Untracked 
| 133|0x000000070f700000, 0x000000070f700000, 0x000000070f800000|  0%| F|  |TAMS 0x000000070f700000, 0x000000070f700000| Untracked 
| 134|0x000000070f800000, 0x000000070f800000, 0x000000070f900000|  0%| F|  |TAMS 0x000000070f800000, 0x000000070f800000| Untracked 
| 135|0x000000070f900000, 0x000000070f900000, 0x000000070fa00000|  0%| F|  |TAMS 0x000000070f900000, 0x000000070f900000| Untracked 
| 136|0x000000070fa00000, 0x000000070fa00000, 0x000000070fb00000|  0%| F|  |TAMS 0x000000070fa00000, 0x000000070fa00000| Untracked 
| 137|0x000000070fb00000, 0x000000070fb00000, 0x000000070fc00000|  0%| F|  |TAMS 0x000000070fb00000, 0x000000070fb00000| Untracked 
| 138|0x000000070fc00000, 0x000000070fc00000, 0x000000070fd00000|  0%| F|  |TAMS 0x000000070fc00000, 0x000000070fc00000| Untracked 
| 139|0x000000070fd00000, 0x000000070fd00000, 0x000000070fe00000|  0%| F|  |TAMS 0x000000070fd00000, 0x000000070fd00000| Untracked 
| 140|0x000000070fe00000, 0x000000070fe00000, 0x000000070ff00000|  0%| F|  |TAMS 0x000000070fe00000, 0x000000070fe00000| Untracked 
| 141|0x000000070ff00000, 0x000000070ff00000, 0x0000000710000000|  0%| F|  |TAMS 0x000000070ff00000, 0x000000070ff00000| Untracked 
| 142|0x0000000710000000, 0x0000000710000000, 0x0000000710100000|  0%| F|  |TAMS 0x0000000710000000, 0x0000000710000000| Untracked 
| 143|0x0000000710100000, 0x0000000710100000, 0x0000000710200000|  0%| F|  |TAMS 0x0000000710100000, 0x0000000710100000| Untracked 
| 144|0x0000000710200000, 0x0000000710200000, 0x0000000710300000|  0%| F|  |TAMS 0x0000000710200000, 0x0000000710200000| Untracked 
| 145|0x0000000710300000, 0x0000000710300000, 0x0000000710400000|  0%| F|  |TAMS 0x0000000710300000, 0x0000000710300000| Untracked 
| 146|0x0000000710400000, 0x0000000710400000, 0x0000000710500000|  0%| F|  |TAMS 0x0000000710400000, 0x0000000710400000| Untracked 
| 147|0x0000000710500000, 0x0000000710500000, 0x0000000710600000|  0%| F|  |TAMS 0x0000000710500000, 0x0000000710500000| Untracked 
| 148|0x0000000710600000, 0x0000000710600000, 0x0000000710700000|  0%| F|  |TAMS 0x0000000710600000, 0x0000000710600000| Untracked 
| 149|0x0000000710700000, 0x0000000710700000, 0x0000000710800000|  0%| F|  |TAMS 0x0000000710700000, 0x0000000710700000| Untracked 
| 150|0x0000000710800000, 0x0000000710800000, 0x0000000710900000|  0%| F|  |TAMS 0x0000000710800000, 0x0000000710800000| Untracked 
| 151|0x0000000710900000, 0x0000000710900000, 0x0000000710a00000|  0%| F|  |TAMS 0x0000000710900000, 0x0000000710900000| Untracked 
| 152|0x0000000710a00000, 0x0000000710a00000, 0x0000000710b00000|  0%| F|  |TAMS 0x0000000710a00000, 0x0000000710a00000| Untracked 
| 153|0x0000000710b00000, 0x0000000710b00000, 0x0000000710c00000|  0%| F|  |TAMS 0x0000000710b00000, 0x0000000710b00000| Untracked 
| 154|0x0000000710c00000, 0x0000000710c00000, 0x0000000710d00000|  0%| F|  |TAMS 0x0000000710c00000, 0x0000000710c00000| Untracked 
| 155|0x0000000710d00000, 0x0000000710d00000, 0x0000000710e00000|  0%| F|  |TAMS 0x0000000710d00000, 0x0000000710d00000| Untracked 
| 156|0x0000000710e00000, 0x0000000710e00000, 0x0000000710f00000|  0%| F|  |TAMS 0x0000000710e00000, 0x0000000710e00000| Untracked 
| 157|0x0000000710f00000, 0x0000000710f00000, 0x0000000711000000|  0%| F|  |TAMS 0x0000000710f00000, 0x0000000710f00000| Untracked 
| 158|0x0000000711000000, 0x0000000711000000, 0x0000000711100000|  0%| F|  |TAMS 0x0000000711000000, 0x0000000711000000| Untracked 
| 159|0x0000000711100000, 0x0000000711100000, 0x0000000711200000|  0%| F|  |TAMS 0x0000000711100000, 0x0000000711100000| Untracked 
| 160|0x0000000711200000, 0x0000000711200000, 0x0000000711300000|  0%| F|  |TAMS 0x0000000711200000, 0x0000000711200000| Untracked 
| 161|0x0000000711300000, 0x0000000711300000, 0x0000000711400000|  0%| F|  |TAMS 0x0000000711300000, 0x0000000711300000| Untracked 
| 162|0x0000000711400000, 0x0000000711400000, 0x0000000711500000|  0%| F|  |TAMS 0x0000000711400000, 0x0000000711400000| Untracked 
| 163|0x0000000711500000, 0x0000000711500000, 0x0000000711600000|  0%| F|  |TAMS 0x0000000711500000, 0x0000000711500000| Untracked 
| 164|0x0000000711600000, 0x0000000711600000, 0x0000000711700000|  0%| F|  |TAMS 0x0000000711600000, 0x0000000711600000| Untracked 
| 165|0x0000000711700000, 0x0000000711700000, 0x0000000711800000|  0%| F|  |TAMS 0x0000000711700000, 0x0000000711700000| Untracked 
| 166|0x0000000711800000, 0x0000000711800000, 0x0000000711900000|  0%| F|  |TAMS 0x0000000711800000, 0x0000000711800000| Untracked 
| 167|0x0000000711900000, 0x0000000711900000, 0x0000000711a00000|  0%| F|  |TAMS 0x0000000711900000, 0x0000000711900000| Untracked 
| 168|0x0000000711a00000, 0x0000000711a00000, 0x0000000711b00000|  0%| F|  |TAMS 0x0000000711a00000, 0x0000000711a00000| Untracked 
| 169|0x0000000711b00000, 0x0000000711b00000, 0x0000000711c00000|  0%| F|  |TAMS 0x0000000711b00000, 0x0000000711b00000| Untracked 
| 170|0x0000000711c00000, 0x0000000711c00000, 0x0000000711d00000|  0%| F|  |TAMS 0x0000000711c00000, 0x0000000711c00000| Untracked 
| 171|0x0000000711d00000, 0x0000000711d00000, 0x0000000711e00000|  0%| F|  |TAMS 0x0000000711d00000, 0x0000000711d00000| Untracked 
| 172|0x0000000711e00000, 0x0000000711e00000, 0x0000000711f00000|  0%| F|  |TAMS 0x0000000711e00000, 0x0000000711e00000| Untracked 
| 173|0x0000000711f00000, 0x0000000711f00000, 0x0000000712000000|  0%| F|  |TAMS 0x0000000711f00000, 0x0000000711f00000| Untracked 
| 174|0x0000000712000000, 0x0000000712000000, 0x0000000712100000|  0%| F|  |TAMS 0x0000000712000000, 0x0000000712000000| Untracked 
| 175|0x0000000712100000, 0x0000000712100000, 0x0000000712200000|  0%| F|  |TAMS 0x0000000712100000, 0x0000000712100000| Untracked 
| 176|0x0000000712200000, 0x0000000712200000, 0x0000000712300000|  0%| F|  |TAMS 0x0000000712200000, 0x0000000712200000| Untracked 
| 177|0x0000000712300000, 0x0000000712300000, 0x0000000712400000|  0%| F|  |TAMS 0x0000000712300000, 0x0000000712300000| Untracked 
| 178|0x0000000712400000, 0x0000000712400000, 0x0000000712500000|  0%| F|  |TAMS 0x0000000712400000, 0x0000000712400000| Untracked 
| 179|0x0000000712500000, 0x0000000712500000, 0x0000000712600000|  0%| F|  |TAMS 0x0000000712500000, 0x0000000712500000| Untracked 
| 180|0x0000000712600000, 0x0000000712600000, 0x0000000712700000|  0%| F|  |TAMS 0x0000000712600000, 0x0000000712600000| Untracked 
| 181|0x0000000712700000, 0x0000000712700000, 0x0000000712800000|  0%| F|  |TAMS 0x0000000712700000, 0x0000000712700000| Untracked 
| 182|0x0000000712800000, 0x0000000712800000, 0x0000000712900000|  0%| F|  |TAMS 0x0000000712800000, 0x0000000712800000| Untracked 
| 183|0x0000000712900000, 0x0000000712900000, 0x0000000712a00000|  0%| F|  |TAMS 0x0000000712900000, 0x0000000712900000| Untracked 
| 184|0x0000000712a00000, 0x0000000712a00000, 0x0000000712b00000|  0%| F|  |TAMS 0x0000000712a00000, 0x0000000712a00000| Untracked 
| 185|0x0000000712b00000, 0x0000000712b00000, 0x0000000712c00000|  0%| F|  |TAMS 0x0000000712b00000, 0x0000000712b00000| Untracked 
| 186|0x0000000712c00000, 0x0000000712c00000, 0x0000000712d00000|  0%| F|  |TAMS 0x0000000712c00000, 0x0000000712c00000| Untracked 
| 187|0x0000000712d00000, 0x0000000712d00000, 0x0000000712e00000|  0%| F|  |TAMS 0x0000000712d00000, 0x0000000712d00000| Untracked 
| 188|0x0000000712e00000, 0x0000000712e00000, 0x0000000712f00000|  0%| F|  |TAMS 0x0000000712e00000, 0x0000000712e00000| Untracked 
| 189|0x0000000712f00000, 0x0000000712f00000, 0x0000000713000000|  0%| F|  |TAMS 0x0000000712f00000, 0x0000000712f00000| Untracked 
| 190|0x0000000713000000, 0x0000000713000000, 0x0000000713100000|  0%| F|  |TAMS 0x0000000713000000, 0x0000000713000000| Untracked 
| 191|0x0000000713100000, 0x0000000713100000, 0x0000000713200000|  0%| F|  |TAMS 0x0000000713100000, 0x0000000713100000| Untracked 
| 192|0x0000000713200000, 0x0000000713200000, 0x0000000713300000|  0%| F|  |TAMS 0x0000000713200000, 0x0000000713200000| Untracked 
| 193|0x0000000713300000, 0x0000000713300000, 0x0000000713400000|  0%| F|  |TAMS 0x0000000713300000, 0x0000000713300000| Untracked 
| 194|0x0000000713400000, 0x0000000713400000, 0x0000000713500000|  0%| F|  |TAMS 0x0000000713400000, 0x0000000713400000| Untracked 
| 195|0x0000000713500000, 0x0000000713500000, 0x0000000713600000|  0%| F|  |TAMS 0x0000000713500000, 0x0000000713500000| Untracked 
| 196|0x0000000713600000, 0x0000000713600000, 0x0000000713700000|  0%| F|  |TAMS 0x0000000713600000, 0x0000000713600000| Untracked 
| 197|0x0000000713700000, 0x0000000713700000, 0x0000000713800000|  0%| F|  |TAMS 0x0000000713700000, 0x0000000713700000| Untracked 
| 198|0x0000000713800000, 0x0000000713800000, 0x0000000713900000|  0%| F|  |TAMS 0x0000000713800000, 0x0000000713800000| Untracked 
| 199|0x0000000713900000, 0x0000000713900000, 0x0000000713a00000|  0%| F|  |TAMS 0x0000000713900000, 0x0000000713900000| Untracked 
| 200|0x0000000713a00000, 0x0000000713a00000, 0x0000000713b00000|  0%| F|  |TAMS 0x0000000713a00000, 0x0000000713a00000| Untracked 
| 201|0x0000000713b00000, 0x0000000713b00000, 0x0000000713c00000|  0%| F|  |TAMS 0x0000000713b00000, 0x0000000713b00000| Untracked 
| 202|0x0000000713c00000, 0x0000000713c00000, 0x0000000713d00000|  0%| F|  |TAMS 0x0000000713c00000, 0x0000000713c00000| Untracked 
| 203|0x0000000713d00000, 0x0000000713d00000, 0x0000000713e00000|  0%| F|  |TAMS 0x0000000713d00000, 0x0000000713d00000| Untracked 
| 204|0x0000000713e00000, 0x0000000713e00000, 0x0000000713f00000|  0%| F|  |TAMS 0x0000000713e00000, 0x0000000713e00000| Untracked 
| 205|0x0000000713f00000, 0x0000000713f00000, 0x0000000714000000|  0%| F|  |TAMS 0x0000000713f00000, 0x0000000713f00000| Untracked 
| 206|0x0000000714000000, 0x0000000714000000, 0x0000000714100000|  0%| F|  |TAMS 0x0000000714000000, 0x0000000714000000| Untracked 
| 207|0x0000000714100000, 0x0000000714100000, 0x0000000714200000|  0%| F|  |TAMS 0x0000000714100000, 0x0000000714100000| Untracked 
| 208|0x0000000714200000, 0x0000000714200000, 0x0000000714300000|  0%| F|  |TAMS 0x0000000714200000, 0x0000000714200000| Untracked 
| 209|0x0000000714300000, 0x0000000714300000, 0x0000000714400000|  0%| F|  |TAMS 0x0000000714300000, 0x0000000714300000| Untracked 
| 210|0x0000000714400000, 0x0000000714400000, 0x0000000714500000|  0%| F|  |TAMS 0x0000000714400000, 0x0000000714400000| Untracked 
| 211|0x0000000714500000, 0x0000000714500000, 0x0000000714600000|  0%| F|  |TAMS 0x0000000714500000, 0x0000000714500000| Untracked 
| 212|0x0000000714600000, 0x0000000714600000, 0x0000000714700000|  0%| F|  |TAMS 0x0000000714600000, 0x0000000714600000| Untracked 
| 213|0x0000000714700000, 0x0000000714700000, 0x0000000714800000|  0%| F|  |TAMS 0x0000000714700000, 0x0000000714700000| Untracked 
| 214|0x0000000714800000, 0x0000000714800000, 0x0000000714900000|  0%| F|  |TAMS 0x0000000714800000, 0x0000000714800000| Untracked 
| 215|0x0000000714900000, 0x0000000714900000, 0x0000000714a00000|  0%| F|  |TAMS 0x0000000714900000, 0x0000000714900000| Untracked 
| 216|0x0000000714a00000, 0x0000000714a00000, 0x0000000714b00000|  0%| F|  |TAMS 0x0000000714a00000, 0x0000000714a00000| Untracked 
| 217|0x0000000714b00000, 0x0000000714b00000, 0x0000000714c00000|  0%| F|  |TAMS 0x0000000714b00000, 0x0000000714b00000| Untracked 
| 218|0x0000000714c00000, 0x0000000714c00000, 0x0000000714d00000|  0%| F|  |TAMS 0x0000000714c00000, 0x0000000714c00000| Untracked 
| 219|0x0000000714d00000, 0x0000000714d00000, 0x0000000714e00000|  0%| F|  |TAMS 0x0000000714d00000, 0x0000000714d00000| Untracked 
| 220|0x0000000714e00000, 0x0000000714e00000, 0x0000000714f00000|  0%| F|  |TAMS 0x0000000714e00000, 0x0000000714e00000| Untracked 
| 221|0x0000000714f00000, 0x0000000714f00000, 0x0000000715000000|  0%| F|  |TAMS 0x0000000714f00000, 0x0000000714f00000| Untracked 
| 222|0x0000000715000000, 0x0000000715000000, 0x0000000715100000|  0%| F|  |TAMS 0x0000000715000000, 0x0000000715000000| Untracked 
| 223|0x0000000715100000, 0x0000000715100000, 0x0000000715200000|  0%| F|  |TAMS 0x0000000715100000, 0x0000000715100000| Untracked 
| 224|0x0000000715200000, 0x0000000715200000, 0x0000000715300000|  0%| F|  |TAMS 0x0000000715200000, 0x0000000715200000| Untracked 
| 225|0x0000000715300000, 0x0000000715300000, 0x0000000715400000|  0%| F|  |TAMS 0x0000000715300000, 0x0000000715300000| Untracked 
| 226|0x0000000715400000, 0x0000000715400000, 0x0000000715500000|  0%| F|  |TAMS 0x0000000715400000, 0x0000000715400000| Untracked 
| 227|0x0000000715500000, 0x0000000715500000, 0x0000000715600000|  0%| F|  |TAMS 0x0000000715500000, 0x0000000715500000| Untracked 
| 228|0x0000000715600000, 0x0000000715600000, 0x0000000715700000|  0%| F|  |TAMS 0x0000000715600000, 0x0000000715600000| Untracked 
| 229|0x0000000715700000, 0x0000000715700000, 0x0000000715800000|  0%| F|  |TAMS 0x0000000715700000, 0x0000000715700000| Untracked 
| 230|0x0000000715800000, 0x0000000715800000, 0x0000000715900000|  0%| F|  |TAMS 0x0000000715800000, 0x0000000715800000| Untracked 
| 231|0x0000000715900000, 0x0000000715900000, 0x0000000715a00000|  0%| F|  |TAMS 0x0000000715900000, 0x0000000715900000| Untracked 
| 232|0x0000000715a00000, 0x0000000715a00000, 0x0000000715b00000|  0%| F|  |TAMS 0x0000000715a00000, 0x0000000715a00000| Untracked 
| 233|0x0000000715b00000, 0x0000000715b00000, 0x0000000715c00000|  0%| F|  |TAMS 0x0000000715b00000, 0x0000000715b00000| Untracked 
| 234|0x0000000715c00000, 0x0000000715c00000, 0x0000000715d00000|  0%| F|  |TAMS 0x0000000715c00000, 0x0000000715c00000| Untracked 
| 235|0x0000000715d00000, 0x0000000715d00000, 0x0000000715e00000|  0%| F|  |TAMS 0x0000000715d00000, 0x0000000715d00000| Untracked 
| 236|0x0000000715e00000, 0x0000000715e00000, 0x0000000715f00000|  0%| F|  |TAMS 0x0000000715e00000, 0x0000000715e00000| Untracked 
| 237|0x0000000715f00000, 0x0000000715f00000, 0x0000000716000000|  0%| F|  |TAMS 0x0000000715f00000, 0x0000000715f00000| Untracked 
| 238|0x0000000716000000, 0x0000000716000000, 0x0000000716100000|  0%| F|  |TAMS 0x0000000716000000, 0x0000000716000000| Untracked 
| 239|0x0000000716100000, 0x0000000716100000, 0x0000000716200000|  0%| F|  |TAMS 0x0000000716100000, 0x0000000716100000| Untracked 
| 240|0x0000000716200000, 0x0000000716200000, 0x0000000716300000|  0%| F|  |TAMS 0x0000000716200000, 0x0000000716200000| Untracked 
| 241|0x0000000716300000, 0x0000000716300000, 0x0000000716400000|  0%| F|  |TAMS 0x0000000716300000, 0x0000000716300000| Untracked 
| 242|0x0000000716400000, 0x0000000716400000, 0x0000000716500000|  0%| F|  |TAMS 0x0000000716400000, 0x0000000716400000| Untracked 
| 243|0x0000000716500000, 0x0000000716500000, 0x0000000716600000|  0%| F|  |TAMS 0x0000000716500000, 0x0000000716500000| Untracked 
| 244|0x0000000716600000, 0x0000000716685e08, 0x0000000716700000| 52%| E|  |TAMS 0x0000000716600000, 0x0000000716600000| Complete 
| 245|0x0000000716700000, 0x0000000716800000, 0x0000000716800000|100%| E|CS|TAMS 0x0000000716700000, 0x0000000716700000| Complete 
| 246|0x0000000716800000, 0x0000000716900000, 0x0000000716900000|100%| E|CS|TAMS 0x0000000716800000, 0x0000000716800000| Complete 
| 247|0x0000000716900000, 0x0000000716a00000, 0x0000000716a00000|100%| E|CS|TAMS 0x0000000716900000, 0x0000000716900000| Complete 
| 248|0x0000000716a00000, 0x0000000716b00000, 0x0000000716b00000|100%| E|CS|TAMS 0x0000000716a00000, 0x0000000716a00000| Complete 
| 249|0x0000000716b00000, 0x0000000716c00000, 0x0000000716c00000|100%| E|CS|TAMS 0x0000000716b00000, 0x0000000716b00000| Complete 
|3980|0x00000007ffe00000, 0x00000007ffe52000, 0x00000007fff00000| 32%|OA|  |TAMS 0x00000007ffe00000, 0x00000007ffe00000| Untracked 
|3981|0x00000007fff00000, 0x00000007fff7f000, 0x0000000800000000| 49%|CA|  |TAMS 0x00000007fff00000, 0x00000007fff00000| Untracked 

Card table byte_map: [0x00007fee1acfb000,0x00007fee1b4c2000] _byte_map_base: 0x00007fee174c2000

Marking Bits (Prev, Next): (CMBitMap*) 0x00007fee3407d848, (CMBitMap*) 0x00007fee3407d888
 Prev Bits: [0x00007fee166fc000, 0x00007fee1a534000)
 Next Bits: [0x00007fee128c4000, 0x00007fee166fc000)

Polling page: 0x00007fee3a3a9000

Metaspace:

Usage:
  Non-class:      4,34 MB capacity,     2,61 MB ( 60%) used,     1,73 MB ( 40%) free+waste,     5,38 KB ( <1%) overhead. 
      Class:    466,00 KB capacity,   286,34 KB ( 61%) used,   176,73 KB ( 38%) free+waste,     2,94 KB ( <1%) overhead. 
       Both:      4,80 MB capacity,     2,89 MB ( 60%) used,     1,90 MB ( 40%) free+waste,     8,31 KB ( <1%) overhead. 

Virtual space:
  Non-class space:        8,00 MB reserved,       4,50 MB ( 56%) committed 
      Class space:        1,00 GB reserved,     512,00 KB ( <1%) committed 
             Both:        1,01 GB reserved,       5,00 MB ( <1%) committed 

Chunk freelists:
   Non-Class:  0 bytes
       Class:  0 bytes
        Both:  0 bytes

MaxMetaspaceSize: unlimited
CompressedClassSpaceSize: 1,00 GB

CodeHeap 'non-profiled nmethods': size=120032Kb used=142Kb max_used=142Kb free=119890Kb
 bounds [0x00007fee23751000, 0x00007fee239c1000, 0x00007fee2ac89000]
CodeHeap 'profiled nmethods': size=120028Kb used=573Kb max_used=573Kb free=119454Kb
 bounds [0x00007fee1c21a000, 0x00007fee1c48a000, 0x00007fee23751000]
CodeHeap 'non-nmethods': size=5700Kb used=1211Kb max_used=1225Kb free=4488Kb
 bounds [0x00007fee1bc89000, 0x00007fee1bef9000, 0x00007fee1c21a000]
 total_blobs=824 nmethods=430 adapters=308
 compilation: enabled
              stopped_count=0, restarted_count=0
 full_count=0

Compilation events (20 events):
Event: 71,852 Thread 0x00007fee34227800  424       3       org.eclipse.jdt.launching.internal.org.objectweb.asm.ClassReader::readUtf (44 bytes)
Event: 71,852 Thread 0x00007fee34227800 nmethod 424 0x00007fee1c2a6a10 code [0x00007fee1c2a6be0, 0x00007fee1c2a70c0]
Event: 71,852 Thread 0x00007fee34227800  422       3       java.lang.StringUTF16::compress (20 bytes)
Event: 71,852 Thread 0x00007fee34227800 nmethod 422 0x00007fee1c2a7310 code [0x00007fee1c2a74c0, 0x00007fee1c2a7700]
Event: 96,068 Thread 0x00007fee34227800  425       3       org.eclipse.jdt.launching.internal.org.objectweb.asm.ClassReader::getItem (7 bytes)
Event: 96,068 Thread 0x00007fee34227800 nmethod 425 0x00007fee1c2a7810 code [0x00007fee1c2a79a0, 0x00007fee1c2a7af0]
Event: 96,069 Thread 0x00007fee34227800  426       3       org.eclipse.jdt.launching.internal.org.objectweb.asm.Symbol::<init> (38 bytes)
Event: 96,069 Thread 0x00007fee34227800 nmethod 426 0x00007fee1c2a7c10 code [0x00007fee1c2a7da0, 0x00007fee1c2a8050]
Event: 96,069 Thread 0x00007fee34227800  427       3       org.eclipse.jdt.launching.internal.org.objectweb.asm.SymbolTable::add (39 bytes)
Event: 96,069 Thread 0x00007fee34227800 nmethod 427 0x00007fee1c2a8110 code [0x00007fee1c2a82c0, 0x00007fee1c2a8650]
Event: 96,069 Thread 0x00007fee34227800  428       3       org.eclipse.jdt.launching.internal.org.objectweb.asm.SymbolTable::hash (10 bytes)
Event: 96,069 Thread 0x00007fee34227800 nmethod 428 0x00007fee1c2a8790 code [0x00007fee1c2a8920, 0x00007fee1c2a8a40]
Event: 246,236 Thread 0x00007fee34227800  429       3       org.eclipse.jdt.launching.internal.org.objectweb.asm.SymbolTable::addConstantUtf8 (20 bytes)
Event: 246,236 Thread 0x00007fee34225800  432       4       org.eclipse.jdt.launching.internal.org.objectweb.asm.ClassReader::readUnsignedShort (26 bytes)
Event: 246,236 Thread 0x00007fee34227800 nmethod 429 0x00007fee1c2a8b10 code [0x00007fee1c2a8ce0, 0x00007fee1c2a9060]
Event: 246,236 Thread 0x00007fee34227800  430       3       org.eclipse.jdt.launching.internal.org.objectweb.asm.ClassReader::readUTF8 (23 bytes)
Event: 246,239 Thread 0x00007fee34227800 

Event: 246,239 Thread 0x00007fee34227800  431       3       org.eclipse.jdt.launching.internal.org.objectweb.asm.SymbolTable$Entry::<init> (17 bytes)
Event: 246,240 Thread 0x00007fee34227800 nmethod 431 0x00007fee1c2a9210 code [0x00007fee1c2a93a0, 0x00007fee1c2a9540]
Event: 246,240 Thread 0x00007fee34225800 


GC Heap History (0 events):
No events

Deoptimization events (20 events):
Event: 0,642 Thread 0x00007fee34019800 DEOPT PACKING pc=0x00007fee237580dc sp=0x00007fee38b8a440
Event: 0,642 Thread 0x00007fee34019800 DEOPT UNPACKING pc=0x00007fee1bcd1e25 sp=0x00007fee38b8a3f8 mode 2
Event: 0,649 Thread 0x00007fee34019800 DEOPT PACKING pc=0x00007fee1c27ca0b sp=0x00007fee38b88120
Event: 0,649 Thread 0x00007fee34019800 DEOPT UNPACKING pc=0x00007fee1bcd233a sp=0x00007fee38b87608 mode 0
Event: 0,650 Thread 0x00007fee34019800 DEOPT PACKING pc=0x00007fee1c27c7d6 sp=0x00007fee38b88120
Event: 0,650 Thread 0x00007fee34019800 DEOPT UNPACKING pc=0x00007fee1bcd233a sp=0x00007fee38b87608 mode 0
Event: 0,650 Thread 0x00007fee34019800 DEOPT PACKING pc=0x00007fee1c27c7d6 sp=0x00007fee38b88120
Event: 0,650 Thread 0x00007fee34019800 DEOPT UNPACKING pc=0x00007fee1bcd233a sp=0x00007fee38b87608 mode 0
Event: 0,651 Thread 0x00007fee34019800 DEOPT PACKING pc=0x00007fee1c27c7d6 sp=0x00007fee38b88120
Event: 0,651 Thread 0x00007fee34019800 DEOPT UNPACKING pc=0x00007fee1bcd233a sp=0x00007fee38b87608 mode 0
Event: 0,652 Thread 0x00007fee34019800 DEOPT PACKING pc=0x00007fee1c27ca0b sp=0x00007fee38b88120
Event: 0,652 Thread 0x00007fee34019800 DEOPT UNPACKING pc=0x00007fee1bcd233a sp=0x00007fee38b87608 mode 0
Event: 0,699 Thread 0x00007fee34019800 Uncommon trap: trap_request=0xffffff45 fr.pc=0x00007fee23761aec relative=0x000000000000006c
Event: 0,699 Thread 0x00007fee34019800 Uncommon trap: reason=unstable_if action=reinterpret pc=0x00007fee23761aec method=java.lang.String.isLatin1()Z @ 10 c2
Event: 0,699 Thread 0x00007fee34019800 DEOPT PACKING pc=0x00007fee23761aec sp=0x00007fee38b8c2b0
Event: 0,699 Thread 0x00007fee34019800 DEOPT UNPACKING pc=0x00007fee1bcd1e25 sp=0x00007fee38b8c270 mode 2
Event: 0,699 Thread 0x00007fee34019800 Uncommon trap: trap_request=0xffffff45 fr.pc=0x00007fee23762fc4 relative=0x0000000000000044
Event: 0,699 Thread 0x00007fee34019800 Uncommon trap: reason=unstable_if action=reinterpret pc=0x00007fee23762fc4 method=java.lang.CharacterData.of(I)Ljava/lang/CharacterData; @ 4 c2
Event: 0,699 Thread 0x00007fee34019800 DEOPT PACKING pc=0x00007fee23762fc4 sp=0x00007fee38b8bde0
Event: 0,699 Thread 0x00007fee34019800 DEOPT UNPACKING pc=0x00007fee1bcd1e25 sp=0x00007fee38b8bda0 mode 2

Classes unloaded (0 events):
No events

Classes redefined (3 events):
Event: 71,850 Thread 0x00007fee34215800 redefined class name=myFirstMethod.EndevinaBugs, count=1
Event: 96,067 Thread 0x00007fee34215800 redefined class name=myFirstMethod.EndevinaBugs, count=2
Event: 246,238 Thread 0x00007fee34215800 redefined class name=myFirstMethod.EndevinaBugs, count=3

Internal exceptions (1 events):
Event: 0,675 Thread 0x00007fee34019800 Exception <a 'java/lang/NoSuchMethodError'{0x0000000716747180}: 'int java.lang.invoke.DirectMethodHandle$Holder.invokeSpecialIFC(java.lang.Object, java.lang.Object, int)'> (0x0000000716747180) 
thrown [src/hotspot/share/interpreter/linkResolver.cpp, line 765]

Events (20 events):
Event: 253,636 Executing VM operation: GetFrameCount
Event: 253,636 Executing VM operation: GetFrameCount done
Event: 253,636 Executing VM operation: GetFrameCount
Event: 253,636 Executing VM operation: GetFrameCount done
Event: 253,636 Executing VM operation: GetStackTrace
Event: 253,636 Executing VM operation: GetStackTrace done
Event: 253,637 Executing VM operation: GetFrameCount
Event: 253,637 Executing VM operation: GetFrameCount done
Event: 253,637 Executing VM operation: GetOwnedMonitorInfo
Event: 253,637 Executing VM operation: GetOwnedMonitorInfo done
Event: 253,637 Executing VM operation: GetCurrentContendedMonitor
Event: 253,637 Executing VM operation: GetCurrentContendedMonitor done
Event: 253,637 Executing VM operation: GetOwnedMonitorInfo
Event: 253,637 Executing VM operation: GetOwnedMonitorInfo done
Event: 253,637 Executing VM operation: GetCurrentContendedMonitor
Event: 253,637 Executing VM operation: GetCurrentContendedMonitor done
Event: 253,638 Executing VM operation: GetCurrentContendedMonitor
Event: 253,638 Executing VM operation: GetCurrentContendedMonitor done
Event: 253,638 Executing VM operation: GetOwnedMonitorInfo
Event: 253,638 Executing VM operation: GetOwnedMonitorInfo done


Dynamic libraries:
707200000-716c00000 rw-p 00000000 00:00 0 
716c00000-7ffe00000 ---p 00000000 00:00 0 
7ffe00000-7ffe52000 rw-p 00bc5000 08:05 9382                             /usr/lib/jvm/java-14-openjdk-amd64/lib/server/classes.jsa
7ffe52000-7fff00000 rw-p 00000000 00:00 0 
7fff00000-7fff7f000 rw-p 00b46000 08:05 9382                             /usr/lib/jvm/java-14-openjdk-amd64/lib/server/classes.jsa
7fff7f000-800000000 rw-p 00000000 00:00 0 
800000000-800003000 rwxp 00001000 08:05 9382                             /usr/lib/jvm/java-14-openjdk-amd64/lib/server/classes.jsa
800003000-800b18000 rw-p 00004000 08:05 9382                             /usr/lib/jvm/java-14-openjdk-amd64/lib/server/classes.jsa
800b18000-800b98000 rw-p 00000000 00:00 0 
800b98000-840b18000 ---p 00000000 00:00 0 
55a79e13d000-55a79e13e000 r--p 00000000 08:05 1073613                    /usr/lib/jvm/java-14-openjdk-amd64/bin/java
55a79e13e000-55a79e13f000 r-xp 00001000 08:05 1073613                    /usr/lib/jvm/java-14-openjdk-amd64/bin/java
55a79e13f000-55a79e140000 r--p 00002000 08:05 1073613                    /usr/lib/jvm/java-14-openjdk-amd64/bin/java
55a79e140000-55a79e141000 r--p 00002000 08:05 1073613                    /usr/lib/jvm/java-14-openjdk-amd64/bin/java
55a79e141000-55a79e142000 rw-p 00003000 08:05 1073613                    /usr/lib/jvm/java-14-openjdk-amd64/bin/java
55a79ffc8000-55a79ffe9000 rw-p 00000000 00:00 0                          [heap]
7fedbc000000-7fedbc021000 rw-p 00000000 00:00 0 
7fedbc021000-7fedc0000000 ---p 00000000 00:00 0 
7fedc0000000-7fedc0021000 rw-p 00000000 00:00 0 
7fedc0021000-7fedc4000000 ---p 00000000 00:00 0 
7fedc4000000-7fedc4021000 rw-p 00000000 00:00 0 
7fedc4021000-7fedc8000000 ---p 00000000 00:00 0 
7fedc8000000-7fedc8128000 rw-p 00000000 00:00 0 
7fedc8128000-7fedcc000000 ---p 00000000 00:00 0 
7fedcc000000-7fedcc021000 rw-p 00000000 00:00 0 
7fedcc021000-7fedd0000000 ---p 00000000 00:00 0 
7fedd0000000-7fedd0021000 rw-p 00000000 00:00 0 
7fedd0021000-7fedd4000000 ---p 00000000 00:00 0 
7fedd4000000-7fedd4021000 rw-p 00000000 00:00 0 
7fedd4021000-7fedd8000000 ---p 00000000 00:00 0 
7fedd8000000-7fedd8021000 rw-p 00000000 00:00 0 
7fedd8021000-7feddc000000 ---p 00000000 00:00 0 
7feddc000000-7feddc286000 rw-p 00000000 00:00 0 
7feddc286000-7fede0000000 ---p 00000000 00:00 0 
7fede0000000-7fede00ad000 rw-p 00000000 00:00 0 
7fede00ad000-7fede4000000 ---p 00000000 00:00 0 
7fede4000000-7fede4021000 rw-p 00000000 00:00 0 
7fede4021000-7fede8000000 ---p 00000000 00:00 0 
7fede8000000-7fede8021000 rw-p 00000000 00:00 0 
7fede8021000-7fedec000000 ---p 00000000 00:00 0 
7fedec000000-7fedec021000 rw-p 00000000 00:00 0 
7fedec021000-7fedf0000000 ---p 00000000 00:00 0 
7fedf0000000-7fedf0021000 rw-p 00000000 00:00 0 
7fedf0021000-7fedf4000000 ---p 00000000 00:00 0 
7fedf4000000-7fedf4021000 rw-p 00000000 00:00 0 
7fedf4021000-7fedf8000000 ---p 00000000 00:00 0 
7fedfa208000-7fedfa209000 ---p 00000000 00:00 0 
7fedfa209000-7fedfa30a000 rw-p 00000000 00:00 0 
7fedfa30a000-7fedfa30e000 ---p 00000000 00:00 0 
7fedfa30e000-7fedfa40b000 rw-p 00000000 00:00 0 
7fedfa40b000-7fedfa40f000 ---p 00000000 00:00 0 
7fedfa40f000-7fedfa50c000 rw-p 00000000 00:00 0 
7fedfa50c000-7fedfa510000 ---p 00000000 00:00 0 
7fedfa510000-7fedfa60d000 rw-p 00000000 00:00 0 
7fedfa60d000-7fedfa611000 ---p 00000000 00:00 0 
7fedfa611000-7fedfa70e000 rw-p 00000000 00:00 0 
7fedfa70e000-7fedfa712000 ---p 00000000 00:00 0 
7fedfa712000-7fedfa80f000 rw-p 00000000 00:00 0 
7fedfa80f000-7fedfa813000 ---p 00000000 00:00 0 
7fedfa813000-7fedfa910000 rw-p 00000000 00:00 0 
7fedfa910000-7fedfa914000 ---p 00000000 00:00 0 
7fedfa914000-7fedfaa11000 rw-p 00000000 00:00 0 
7fedfaa11000-7fedfaa15000 ---p 00000000 00:00 0 
7fedfaa15000-7fedfab12000 rw-p 00000000 00:00 0 
7fedfab12000-7fedfab16000 ---p 00000000 00:00 0 
7fedfab16000-7fedfac13000 rw-p 00000000 00:00 0 
7fedfac13000-7fedfac17000 ---p 00000000 00:00 0 
7fedfac17000-7fedfad14000 rw-p 00000000 00:00 0 
7fedfad14000-7fedfad18000 ---p 00000000 00:00 0 
7fedfad18000-7fedfae15000 rw-p 00000000 00:00 0 
7fedfae15000-7fedfb5fe000 r--p 00000000 08:05 924878                     /usr/lib/locale/locale-archive
7fedfb5fe000-7fedfb602000 ---p 00000000 00:00 0 
7fedfb602000-7fedfb6ff000 rw-p 00000000 00:00 0 
7fedfb6ff000-7fedfb703000 ---p 00000000 00:00 0 
7fedfb703000-7fedfbc80000 rw-p 00000000 00:00 0 
7fedfbc80000-7fedfc000000 ---p 00000000 00:00 0 
7fedfc000000-7fedfc021000 rw-p 00000000 00:00 0 
7fedfc021000-7fee00000000 ---p 00000000 00:00 0 
7fee00000000-7fee00021000 rw-p 00000000 00:00 0 
7fee00021000-7fee04000000 ---p 00000000 00:00 0 
7fee04000000-7fee04021000 rw-p 00000000 00:00 0 
7fee04021000-7fee08000000 ---p 00000000 00:00 0 
7fee08000000-7fee08021000 rw-p 00000000 00:00 0 
7fee08021000-7fee0c000000 ---p 00000000 00:00 0 
7fee0c000000-7fee0c021000 rw-p 00000000 00:00 0 
7fee0c021000-7fee10000000 ---p 00000000 00:00 0 
7fee100ce000-7fee100d2000 r--p 00000000 08:05 1073753                    /usr/lib/jvm/java-14-openjdk-amd64/lib/libverify.so
7fee100d2000-7fee100d9000 r-xp 00004000 08:05 1073753                    /usr/lib/jvm/java-14-openjdk-amd64/lib/libverify.so
7fee100d9000-7fee100db000 r--p 0000b000 08:05 1073753                    /usr/lib/jvm/java-14-openjdk-amd64/lib/libverify.so
7fee100db000-7fee100dd000 r--p 0000c000 08:05 1073753                    /usr/lib/jvm/java-14-openjdk-amd64/lib/libverify.so
7fee100dd000-7fee100de000 rw-p 0000e000 08:05 1073753                    /usr/lib/jvm/java-14-openjdk-amd64/lib/libverify.so
7fee100de000-7fee100df000 ---p 00000000 00:00 0 
7fee100df000-7fee102bc000 rw-p 00000000 00:00 0 
7fee102bc000-7fee102bd000 ---p 00000000 00:00 0 
7fee102bd000-7fee103be000 rw-p 00000000 00:00 0 
7fee103be000-7fee103bf000 ---p 00000000 00:00 0 
7fee103bf000-7fee12cac000 rw-p 00000000 00:00 0 
7fee12cac000-7fee166f4000 ---p 00000000 00:00 0 
7fee166f4000-7fee16ae4000 rw-p 00000000 00:00 0 
7fee16ae4000-7fee1a52c000 ---p 00000000 00:00 0 
7fee1a52c000-7fee1a5b1000 rw-p 00000000 00:00 0 
7fee1a5b1000-7fee1acfa000 ---p 00000000 00:00 0 
7fee1acfa000-7fee1ad78000 rw-p 00000000 00:00 0 
7fee1ad78000-7fee1b4c1000 ---p 00000000 00:00 0 
7fee1b4c1000-7fee1b53f000 rw-p 00000000 00:00 0 
7fee1b53f000-7fee1bc88000 ---p 00000000 00:00 0 
7fee1bc88000-7fee1bc89000 rw-p 00000000 00:00 0 
7fee1bc89000-7fee1bef9000 rwxp 00000000 00:00 0 
7fee1bef9000-7fee1c21a000 ---p 00000000 00:00 0 
7fee1c21a000-7fee1c48a000 rwxp 00000000 00:00 0 
7fee1c48a000-7fee23751000 ---p 00000000 00:00 0 
7fee23751000-7fee239c1000 rwxp 00000000 00:00 0 
7fee239c1000-7fee2ac89000 ---p 00000000 00:00 0 
7fee2ac89000-7fee34000000 r--s 00000000 08:05 1073755                    /usr/lib/jvm/java-14-openjdk-amd64/lib/modules
7fee34000000-7fee34404000 rw-p 00000000 00:00 0 
7fee34404000-7fee38000000 ---p 00000000 00:00 0 
7fee38001000-7fee38005000 r--p 00000000 08:05 1073746                    /usr/lib/jvm/java-14-openjdk-amd64/lib/libnet.so
7fee38005000-7fee38013000 r-xp 00004000 08:05 1073746                    /usr/lib/jvm/java-14-openjdk-amd64/lib/libnet.so
7fee38013000-7fee38017000 r--p 00012000 08:05 1073746                    /usr/lib/jvm/java-14-openjdk-amd64/lib/libnet.so
7fee38017000-7fee38018000 r--p 00015000 08:05 1073746                    /usr/lib/jvm/java-14-openjdk-amd64/lib/libnet.so
7fee38018000-7fee38019000 rw-p 00016000 08:05 1073746                    /usr/lib/jvm/java-14-openjdk-amd64/lib/libnet.so
7fee38019000-7fee38020000 r--p 00000000 08:05 1073747                    /usr/lib/jvm/java-14-openjdk-amd64/lib/libnio.so
7fee38020000-7fee38029000 r-xp 00007000 08:05 1073747                    /usr/lib/jvm/java-14-openjdk-amd64/lib/libnio.so
7fee38029000-7fee3802d000 r--p 00010000 08:05 1073747                    /usr/lib/jvm/java-14-openjdk-amd64/lib/libnio.so
7fee3802d000-7fee3802e000 r--p 00013000 08:05 1073747                    /usr/lib/jvm/java-14-openjdk-amd64/lib/libnio.so
7fee3802e000-7fee3802f000 rw-p 00014000 08:05 1073747                    /usr/lib/jvm/java-14-openjdk-amd64/lib/libnio.so
7fee3802f000-7fee38031000 r--p 00000000 08:05 1073725                    /usr/lib/jvm/java-14-openjdk-amd64/lib/libdt_socket.so
7fee38031000-7fee38034000 r-xp 00002000 08:05 1073725                    /usr/lib/jvm/java-14-openjdk-amd64/lib/libdt_socket.so
7fee38034000-7fee38035000 r--p 00005000 08:05 1073725                    /usr/lib/jvm/java-14-openjdk-amd64/lib/libdt_socket.so
7fee38035000-7fee38036000 ---p 00006000 08:05 1073725                    /usr/lib/jvm/java-14-openjdk-amd64/lib/libdt_socket.so
7fee38036000-7fee38037000 r--p 00006000 08:05 1073725                    /usr/lib/jvm/java-14-openjdk-amd64/lib/libdt_socket.so
7fee38037000-7fee38038000 rw-p 00007000 08:05 1073725                    /usr/lib/jvm/java-14-openjdk-amd64/lib/libdt_socket.so
7fee38038000-7fee38079000 rw-p 00000000 00:00 0 
7fee38079000-7fee3807a000 ---p 00000000 00:00 0 
7fee3807a000-7fee3817b000 rw-p 00000000 00:00 0 
7fee3817b000-7fee3817c000 ---p 00000000 00:00 0 
7fee3817c000-7fee3827d000 rw-p 00000000 00:00 0 
7fee3827d000-7fee3827e000 ---p 00000000 00:00 0 
7fee3827e000-7fee3880d000 rw-p 00000000 00:00 0 
7fee3880d000-7fee388f3000 ---p 00000000 00:00 0 
7fee388f3000-7fee388f8000 rw-p 00000000 00:00 0 
7fee388f8000-7fee389de000 ---p 00000000 00:00 0 
7fee389de000-7fee389e3000 rw-p 00000000 00:00 0 
7fee389e3000-7fee389ea000 ---p 00000000 00:00 0 
7fee389ea000-7fee389ec000 r--p 00000000 08:05 1073754                    /usr/lib/jvm/java-14-openjdk-amd64/lib/libzip.so
7fee389ec000-7fee389f0000 r-xp 00002000 08:05 1073754                    /usr/lib/jvm/java-14-openjdk-amd64/lib/libzip.so
7fee389f0000-7fee389f2000 r--p 00006000 08:05 1073754                    /usr/lib/jvm/java-14-openjdk-amd64/lib/libzip.so
7fee389f2000-7fee389f3000 r--p 00007000 08:05 1073754                    /usr/lib/jvm/java-14-openjdk-amd64/lib/libzip.so
7fee389f3000-7fee389f4000 rw-p 00008000 08:05 1073754                    /usr/lib/jvm/java-14-openjdk-amd64/lib/libzip.so
7fee389f4000-7fee389f7000 r--p 00000000 08:05 919420                     /usr/lib/x86_64-linux-gnu/libnss_files-2.31.so
7fee389f7000-7fee389fe000 r-xp 00003000 08:05 919420                     /usr/lib/x86_64-linux-gnu/libnss_files-2.31.so
7fee389fe000-7fee38a00000 r--p 0000a000 08:05 919420                     /usr/lib/x86_64-linux-gnu/libnss_files-2.31.so
7fee38a00000-7fee38a01000 r--p 0000b000 08:05 919420                     /usr/lib/x86_64-linux-gnu/libnss_files-2.31.so
7fee38a01000-7fee38a02000 rw-p 0000c000 08:05 919420                     /usr/lib/x86_64-linux-gnu/libnss_files-2.31.so
7fee38a02000-7fee38a08000 rw-p 00000000 00:00 0 
7fee38a0a000-7fee38a11000 r--s 00000000 08:05 142472                     /usr/lib/x86_64-linux-gnu/gconv/gconv-modules.cache
7fee38a11000-7fee38a19000 rw-s 00000000 08:05 672943                     /tmp/hsperfdata_asanme/21096
7fee38a19000-7fee38a1b000 r--p 00000000 08:05 1073728                    /usr/lib/jvm/java-14-openjdk-amd64/lib/libinstrument.so
7fee38a1b000-7fee38a21000 r-xp 00002000 08:05 1073728                    /usr/lib/jvm/java-14-openjdk-amd64/lib/libinstrument.so
7fee38a21000-7fee38a24000 r--p 00008000 08:05 1073728                    /usr/lib/jvm/java-14-openjdk-amd64/lib/libinstrument.so
7fee38a24000-7fee38a25000 r--p 0000a000 08:05 1073728                    /usr/lib/jvm/java-14-openjdk-amd64/lib/libinstrument.so
7fee38a25000-7fee38a26000 rw-p 0000b000 08:05 1073728                    /usr/lib/jvm/java-14-openjdk-amd64/lib/libinstrument.so
7fee38a26000-7fee38a33000 r--p 00000000 08:05 1073733                    /usr/lib/jvm/java-14-openjdk-amd64/lib/libjava.so
7fee38a33000-7fee38a46000 r-xp 0000d000 08:05 1073733                    /usr/lib/jvm/java-14-openjdk-amd64/lib/libjava.so
7fee38a46000-7fee38a4c000 r--p 00020000 08:05 1073733                    /usr/lib/jvm/java-14-openjdk-amd64/lib/libjava.so
7fee38a4c000-7fee38a4d000 r--p 00025000 08:05 1073733                    /usr/lib/jvm/java-14-openjdk-amd64/lib/libjava.so
7fee38a4d000-7fee38a4f000 rw-p 00026000 08:05 1073733                    /usr/lib/jvm/java-14-openjdk-amd64/lib/libjava.so
7fee38a4f000-7fee38a51000 r--p 00000000 08:05 1073736                    /usr/lib/jvm/java-14-openjdk-amd64/lib/libjdwp.so
7fee38a51000-7fee38a7d000 r-xp 00002000 08:05 1073736                    /usr/lib/jvm/java-14-openjdk-amd64/lib/libjdwp.so
7fee38a7d000-7fee38a8b000 r--p 0002e000 08:05 1073736                    /usr/lib/jvm/java-14-openjdk-amd64/lib/libjdwp.so
7fee38a8b000-7fee38a8c000 r--p 0003b000 08:05 1073736                    /usr/lib/jvm/java-14-openjdk-amd64/lib/libjdwp.so
7fee38a8c000-7fee38a8d000 rw-p 0003c000 08:05 1073736                    /usr/lib/jvm/java-14-openjdk-amd64/lib/libjdwp.so
7fee38a8d000-7fee38a91000 ---p 00000000 00:00 0 
7fee38a91000-7fee38b8e000 rw-p 00000000 00:00 0 
7fee38b8e000-7fee38b91000 r--p 00000000 08:05 921473                     /usr/lib/x86_64-linux-gnu/libgcc_s.so.1
7fee38b91000-7fee38ba3000 r-xp 00003000 08:05 921473                     /usr/lib/x86_64-linux-gnu/libgcc_s.so.1
7fee38ba3000-7fee38ba7000 r--p 00015000 08:05 921473                     /usr/lib/x86_64-linux-gnu/libgcc_s.so.1
7fee38ba7000-7fee38ba8000 r--p 00018000 08:05 921473                     /usr/lib/x86_64-linux-gnu/libgcc_s.so.1
7fee38ba8000-7fee38ba9000 rw-p 00019000 08:05 921473                     /usr/lib/x86_64-linux-gnu/libgcc_s.so.1
7fee38ba9000-7fee38bb8000 r--p 00000000 08:05 919397                     /usr/lib/x86_64-linux-gnu/libm-2.31.so
7fee38bb8000-7fee38c5f000 r-xp 0000f000 08:05 919397                     /usr/lib/x86_64-linux-gnu/libm-2.31.so
7fee38c5f000-7fee38cf6000 r--p 000b6000 08:05 919397                     /usr/lib/x86_64-linux-gnu/libm-2.31.so
7fee38cf6000-7fee38cf7000 r--p 0014c000 08:05 919397                     /usr/lib/x86_64-linux-gnu/libm-2.31.so
7fee38cf7000-7fee38cf8000 rw-p 0014d000 08:05 919397                     /usr/lib/x86_64-linux-gnu/libm-2.31.so
7fee38cf8000-7fee38d8e000 r--p 00000000 08:05 921476                     /usr/lib/x86_64-linux-gnu/libstdc++.so.6.0.28
7fee38d8e000-7fee38e7e000 r-xp 00096000 08:05 921476                     /usr/lib/x86_64-linux-gnu/libstdc++.so.6.0.28
7fee38e7e000-7fee38ec7000 r--p 00186000 08:05 921476                     /usr/lib/x86_64-linux-gnu/libstdc++.so.6.0.28
7fee38ec7000-7fee38ec8000 ---p 001cf000 08:05 921476                     /usr/lib/x86_64-linux-gnu/libstdc++.so.6.0.28
7fee38ec8000-7fee38ed3000 r--p 001cf000 08:05 921476                     /usr/lib/x86_64-linux-gnu/libstdc++.so.6.0.28
7fee38ed3000-7fee38ed6000 rw-p 001da000 08:05 921476                     /usr/lib/x86_64-linux-gnu/libstdc++.so.6.0.28
7fee38ed6000-7fee38ed9000 rw-p 00000000 00:00 0 
7fee38ed9000-7fee39106000 r--p 00000000 08:05 9384                       /usr/lib/jvm/java-14-openjdk-amd64/lib/server/libjvm.so
7fee39106000-7fee39dac000 r-xp 0022d000 08:05 9384                       /usr/lib/jvm/java-14-openjdk-amd64/lib/server/libjvm.so
7fee39dac000-7fee3a008000 r--p 00ed3000 08:05 9384                       /usr/lib/jvm/java-14-openjdk-amd64/lib/server/libjvm.so
7fee3a008000-7fee3a0af000 r--p 0112e000 08:05 9384                       /usr/lib/jvm/java-14-openjdk-amd64/lib/server/libjvm.so
7fee3a0af000-7fee3a0e9000 rw-p 011d5000 08:05 9384                       /usr/lib/jvm/java-14-openjdk-amd64/lib/server/libjvm.so
7fee3a0e9000-7fee3a16c000 rw-p 00000000 00:00 0 
7fee3a16c000-7fee3a173000 r--p 00000000 08:05 919447                     /usr/lib/x86_64-linux-gnu/libpthread-2.31.so
7fee3a173000-7fee3a184000 r-xp 00007000 08:05 919447                     /usr/lib/x86_64-linux-gnu/libpthread-2.31.so
7fee3a184000-7fee3a189000 r--p 00018000 08:05 919447                     /usr/lib/x86_64-linux-gnu/libpthread-2.31.so
7fee3a189000-7fee3a18a000 r--p 0001c000 08:05 919447                     /usr/lib/x86_64-linux-gnu/libpthread-2.31.so
7fee3a18a000-7fee3a18b000 rw-p 0001d000 08:05 919447                     /usr/lib/x86_64-linux-gnu/libpthread-2.31.so
7fee3a18b000-7fee3a18f000 rw-p 00000000 00:00 0 
7fee3a18f000-7fee3a190000 r--p 00000000 08:05 919373                     /usr/lib/x86_64-linux-gnu/libdl-2.31.so
7fee3a190000-7fee3a192000 r-xp 00001000 08:05 919373                     /usr/lib/x86_64-linux-gnu/libdl-2.31.so
7fee3a192000-7fee3a193000 r--p 00003000 08:05 919373                     /usr/lib/x86_64-linux-gnu/libdl-2.31.so
7fee3a193000-7fee3a194000 r--p 00003000 08:05 919373                     /usr/lib/x86_64-linux-gnu/libdl-2.31.so
7fee3a194000-7fee3a195000 rw-p 00004000 08:05 919373                     /usr/lib/x86_64-linux-gnu/libdl-2.31.so
7fee3a195000-7fee3a197000 r--p 00000000 08:05 919491                     /usr/lib/x86_64-linux-gnu/libz.so.1.2.11
7fee3a197000-7fee3a1a8000 r-xp 00002000 08:05 919491                     /usr/lib/x86_64-linux-gnu/libz.so.1.2.11
7fee3a1a8000-7fee3a1ae000 r--p 00013000 08:05 919491                     /usr/lib/x86_64-linux-gnu/libz.so.1.2.11
7fee3a1ae000-7fee3a1af000 ---p 00019000 08:05 919491                     /usr/lib/x86_64-linux-gnu/libz.so.1.2.11
7fee3a1af000-7fee3a1b0000 r--p 00019000 08:05 919491                     /usr/lib/x86_64-linux-gnu/libz.so.1.2.11
7fee3a1b0000-7fee3a1b1000 rw-p 0001a000 08:05 919491                     /usr/lib/x86_64-linux-gnu/libz.so.1.2.11
7fee3a1b1000-7fee3a1d6000 r--p 00000000 08:05 919372                     /usr/lib/x86_64-linux-gnu/libc-2.31.so
7fee3a1d6000-7fee3a34e000 r-xp 00025000 08:05 919372                     /usr/lib/x86_64-linux-gnu/libc-2.31.so
7fee3a34e000-7fee3a398000 r--p 0019d000 08:05 919372                     /usr/lib/x86_64-linux-gnu/libc-2.31.so
7fee3a398000-7fee3a399000 ---p 001e7000 08:05 919372                     /usr/lib/x86_64-linux-gnu/libc-2.31.so
7fee3a399000-7fee3a39c000 r--p 001e7000 08:05 919372                     /usr/lib/x86_64-linux-gnu/libc-2.31.so
7fee3a39c000-7fee3a39f000 rw-p 001ea000 08:05 919372                     /usr/lib/x86_64-linux-gnu/libc-2.31.so
7fee3a39f000-7fee3a3a3000 rw-p 00000000 00:00 0 
7fee3a3a9000-7fee3a3aa000 ---p 00000000 00:00 0 
7fee3a3aa000-7fee3a3ab000 r--p 00000000 00:00 0 
7fee3a3ab000-7fee3a3ad000 r--p 00000000 08:05 1073737                    /usr/lib/jvm/java-14-openjdk-amd64/lib/libjimage.so
7fee3a3ad000-7fee3a3b0000 r-xp 00002000 08:05 1073737                    /usr/lib/jvm/java-14-openjdk-amd64/lib/libjimage.so
7fee3a3b0000-7fee3a3b1000 r--p 00005000 08:05 1073737                    /usr/lib/jvm/java-14-openjdk-amd64/lib/libjimage.so
7fee3a3b1000-7fee3a3b2000 ---p 00006000 08:05 1073737                    /usr/lib/jvm/java-14-openjdk-amd64/lib/libjimage.so
7fee3a3b2000-7fee3a3b3000 r--p 00006000 08:05 1073737                    /usr/lib/jvm/java-14-openjdk-amd64/lib/libjimage.so
7fee3a3b3000-7fee3a3b4000 rw-p 00007000 08:05 1073737                    /usr/lib/jvm/java-14-openjdk-amd64/lib/libjimage.so
7fee3a3b4000-7fee3a3b7000 r--p 00000000 08:05 1073738                    /usr/lib/jvm/java-14-openjdk-amd64/lib/libjli.so
7fee3a3b7000-7fee3a3c1000 r-xp 00003000 08:05 1073738                    /usr/lib/jvm/java-14-openjdk-amd64/lib/libjli.so
7fee3a3c1000-7fee3a3c4000 r--p 0000d000 08:05 1073738                    /usr/lib/jvm/java-14-openjdk-amd64/lib/libjli.so
7fee3a3c4000-7fee3a3c5000 r--p 0000f000 08:05 1073738                    /usr/lib/jvm/java-14-openjdk-amd64/lib/libjli.so
7fee3a3c5000-7fee3a3c6000 rw-p 00010000 08:05 1073738                    /usr/lib/jvm/java-14-openjdk-amd64/lib/libjli.so
7fee3a3c6000-7fee3a3c8000 rw-p 00000000 00:00 0 
7fee3a3c8000-7fee3a3c9000 r--p 00000000 08:05 919349                     /usr/lib/x86_64-linux-gnu/ld-2.31.so
7fee3a3c9000-7fee3a3ec000 r-xp 00001000 08:05 919349                     /usr/lib/x86_64-linux-gnu/ld-2.31.so
7fee3a3ec000-7fee3a3f4000 r--p 00024000 08:05 919349                     /usr/lib/x86_64-linux-gnu/ld-2.31.so
7fee3a3f4000-7fee3a3f5000 ---p 00000000 00:00 0 
7fee3a3f5000-7fee3a3f6000 r--p 0002c000 08:05 919349                     /usr/lib/x86_64-linux-gnu/ld-2.31.so
7fee3a3f6000-7fee3a3f7000 rw-p 0002d000 08:05 919349                     /usr/lib/x86_64-linux-gnu/ld-2.31.so
7fee3a3f7000-7fee3a3f8000 rw-p 00000000 00:00 0 
7fff11421000-7fff11442000 rw-p 00000000 00:00 0                          [stack]
7fff1144f000-7fff11453000 r--p 00000000 00:00 0                          [vvar]
7fff11453000-7fff11455000 r-xp 00000000 00:00 0                          [vdso]
ffffffffff600000-ffffffffff601000 --xp 00000000 00:00 0                  [vsyscall]


VM Arguments:
jvm_args: -XX:+ShowCodeDetailsInExceptionMessages -agentlib:jdwp=transport=dt_socket,suspend=y,address=localhost:41831 -javaagent:/home/asanme/eclipse/java-2020-12/eclipse/configuration/org.eclipse.osgi/215/0/.cp/lib/javaagent-shaded.jar -Dfile.encoding=UTF-8 
java_command: myFirstMethod.EndevinaBugs
java_class_path (initial): /home/asanme/git/repository/myFIrstMethod/bin:/home/asanme/Downloads/stdlib-package.jar
Launcher Type: SUN_STANDARD

[Global flags]
     intx CICompilerCount                          = 3                                         {product} {ergonomic}
     uint ConcGCThreads                            = 1                                         {product} {ergonomic}
     uint G1ConcRefinementThreads                  = 4                                         {product} {ergonomic}
   size_t G1HeapRegionSize                         = 1048576                                   {product} {ergonomic}
    uintx GCDrainStackTargetSize                   = 64                                        {product} {ergonomic}
   size_t InitialHeapSize                          = 262144000                                 {product} {ergonomic}
   size_t MarkStackSize                            = 4194304                                   {product} {ergonomic}
   size_t MaxHeapSize                              = 4175429632                                {product} {ergonomic}
   size_t MaxNewSize                               = 2505048064                                {product} {ergonomic}
   size_t MinHeapDeltaBytes                        = 1048576                                   {product} {ergonomic}
   size_t MinHeapSize                              = 8388608                                   {product} {ergonomic}
    uintx NonNMethodCodeHeapSize                   = 5832780                                {pd product} {ergonomic}
    uintx NonProfiledCodeHeapSize                  = 122912730                              {pd product} {ergonomic}
    uintx ProfiledCodeHeapSize                     = 122912730                              {pd product} {ergonomic}
    uintx ReservedCodeCacheSize                    = 251658240                              {pd product} {ergonomic}
     bool SegmentedCodeCache                       = true                                      {product} {ergonomic}
     bool ShowCodeDetailsInExceptionMessages       = true                                   {manageable} {command line}
   size_t SoftMaxHeapSize                          = 4175429632                             {manageable} {ergonomic}
     bool UseCompressedClassPointers               = true                                 {lp64_product} {ergonomic}
     bool UseCompressedOops                        = true                                 {lp64_product} {ergonomic}
     bool UseG1GC                                  = true                                      {product} {ergonomic}

Logging:
Log output configuration:
 #0: stdout all=warning uptime,level,tags
 #1: stderr all=off uptime,level,tags

Environment Variables:
PATH=/usr/local/sbin:/usr/local/bin:/usr/sbin:/usr/bin:/sbin:/bin:/usr/games:/usr/local/games:/snap/bin
USERNAME=asanme
SHELL=/bin/bash
DISPLAY=:0

Signal Handlers:
SIGSEGV: [libjvm.so+0xe630f0], sa_mask[0]=11111111011111111101111111111110, sa_flags=SA_RESTART|SA_SIGINFO
SIGBUS: [libjvm.so+0xe630f0], sa_mask[0]=11111111011111111101111111111110, sa_flags=SA_RESTART|SA_SIGINFO
SIGFPE: [libjvm.so+0xe630f0], sa_mask[0]=11111111011111111101111111111110, sa_flags=SA_RESTART|SA_SIGINFO
SIGPIPE: [libjvm.so+0xb87eb0], sa_mask[0]=11111111011111111101111111111110, sa_flags=SA_RESTART|SA_SIGINFO
SIGXFSZ: [libjvm.so+0xb87eb0], sa_mask[0]=11111111011111111101111111111110, sa_flags=SA_RESTART|SA_SIGINFO
SIGILL: [libjvm.so+0xe630f0], sa_mask[0]=11111111011111111101111111111110, sa_flags=SA_RESTART|SA_SIGINFO
SIGUSR2: [libjvm.so+0xb87d50], sa_mask[0]=00100000000000000000000000000000, sa_flags=SA_RESTART|SA_SIGINFO
SIGHUP: [libjvm.so+0xb88490], sa_mask[0]=11111111011111111101111111111110, sa_flags=SA_RESTART|SA_SIGINFO
SIGINT: [libjvm.so+0xb88490], sa_mask[0]=11111111011111111101111111111110, sa_flags=SA_RESTART|SA_SIGINFO
SIGTERM: [libjvm.so+0xb88490], sa_mask[0]=11111111011111111101111111111110, sa_flags=SA_RESTART|SA_SIGINFO
SIGQUIT: [libjvm.so+0xb88490], sa_mask[0]=11111111011111111101111111111110, sa_flags=SA_RESTART|SA_SIGINFO


---------------  S Y S T E M  ---------------

OS:DISTRIB_ID=Ubuntu
DISTRIB_RELEASE=20.04
DISTRIB_CODENAME=focal
DISTRIB_DESCRIPTION="Ubuntu 20.04.2 LTS"
uname:Linux 5.8.0-43-generic #49~20.04.1-Ubuntu SMP Fri Feb 5 09:57:56 UTC 2021 x86_64
OS uptime: 0 days 4:18 hours
libc:glibc 2.31 NPTL 2.31 
rlimit: STACK 8192k, CORE 0k, NPROC 63477, NOFILE 1048576, AS infinity, DATA infinity, FSIZE infinity
load average:0,86 1,07 1,24

/proc/meminfo:
MemTotal:       16308708 kB
MemFree:        10470288 kB
MemAvailable:   12254280 kB
Buffers:          119780 kB
Cached:          2484216 kB
SwapCached:            0 kB
Active:          3666448 kB
Inactive:        1332488 kB
Active(anon):    2845168 kB
Inactive(anon):   179112 kB
Active(file):     821280 kB
Inactive(file):  1153376 kB
Unevictable:      459284 kB
Mlocked:              48 kB
SwapTotal:       3255292 kB
SwapFree:        3255292 kB
Dirty:               216 kB
Writeback:             0 kB
AnonPages:       2854428 kB
Mapped:           721752 kB
Shmem:            640080 kB
KReclaimable:     129712 kB
Slab:             240920 kB
SReclaimable:     129712 kB
SUnreclaim:       111208 kB
KernelStack:       13856 kB
PageTables:        34432 kB
NFS_Unstable:          0 kB
Bounce:                0 kB
WritebackTmp:          0 kB
CommitLimit:    11409644 kB
Committed_AS:   10888612 kB
VmallocTotal:   34359738367 kB
VmallocUsed:       44980 kB
VmallocChunk:          0 kB
Percpu:             2912 kB
HardwareCorrupted:     0 kB
AnonHugePages:         0 kB
ShmemHugePages:        0 kB
ShmemPmdMapped:        0 kB
FileHugePages:         0 kB
FilePmdMapped:         0 kB
HugePages_Total:       0
HugePages_Free:        0
HugePages_Rsvd:        0
HugePages_Surp:        0
Hugepagesize:       2048 kB
Hugetlb:               0 kB
DirectMap4k:      301392 kB
DirectMap2M:     7999488 kB
DirectMap1G:     9437184 kB


/proc/sys/kernel/threads-max (system-wide limit on the number of threads):
126955


/proc/sys/vm/max_map_count (maximum number of memory map areas a process may have):
65530


/proc/sys/kernel/pid_max (system-wide limit on number of process identifiers):
4194304



container (cgroup) information:
container_type: cgroupv1
cpu_cpuset_cpus: 0-3
cpu_memory_nodes: 0
active_processor_count: 4
cpu_quota: no quota
cpu_period: 100000
cpu_shares: no shares
memory_limit_in_bytes: unlimited
memory_and_swap_limit_in_bytes: unlimited
memory_soft_limit_in_bytes: unlimited
memory_usage_in_bytes: 4270747648
memory_max_usage_in_bytes: 5809086464

Steal ticks since vm start: 0
Steal ticks percentage since vm start:  0,000

CPU:total 4 (initial active 4) (2 cores per cpu, 2 threads per core) family 6 model 61 stepping 4, cmov, cx8, fxsr, mmx, sse, sse2, sse3, ssse3, sse4.1, sse4.2, popcnt, avx, avx2, aes, clmul, erms, 3dnowpref, lzcnt, ht, tsc, tscinvbit, bmi1, bmi2, adx, fma
CPU Model and flags from /proc/cpuinfo:
model name	: Intel(R) Core(TM) i7-5500U CPU @ 2.40GHz
flags		: fpu vme de pse tsc msr pae mce cx8 apic sep mtrr pge mca cmov pat pse36 clflush dts acpi mmx fxsr sse sse2 ss ht tm pbe syscall nx pdpe1gb rdtscp lm constant_tsc arch_perfmon pebs bts rep_good nopl xtopology nonstop_tsc cpuid aperfmperf pni pclmulqdq dtes64 monitor ds_cpl vmx est tm2 ssse3 sdbg fma cx16 xtpr pdcm pcid sse4_1 sse4_2 x2apic movbe popcnt tsc_deadline_timer aes xsave avx f16c rdrand lahf_lm abm 3dnowprefetch cpuid_fault epb invpcid_single pti ssbd ibrs ibpb stibp tpr_shadow vnmi flexpriority ept vpid ept_ad fsgsbase tsc_adjust bmi1 avx2 smep bmi2 erms invpcid rdseed adx smap intel_pt xsaveopt dtherm ida arat pln pts md_clear flush_l1d

Memory: 4k page, physical 16308708k(10470288k free), swap 3255292k(3255292k free)

vm_info: OpenJDK 64-Bit Server VM (14.0.2+12-Ubuntu-120.04) for linux-amd64 JRE (14.0.2+12-Ubuntu-120.04), built on Jul 21 2020 11:40:06 by "unknown" with gcc 9.3.0

END.
